2025-08-16 10:48:22,253 [Worker-7: Loading available Gradle versions] INFO  o.e.b.c.i.u.g.PublishedGradleVersions - Gradle version information cache is up-to-date. Trying to read.
2025-08-16 11:12:53,636 [Worker-23: Launching mavenrun-f2cde72c-8d8d-4079-9a31-e9f38d983f09] INFO  o.eclipse.m2e.core.internal.Bundles - getClasspathEntries(Bundle=org.eclipse.m2e.maven.runtime_3.9.700.20240602-2313 [644])
2025-08-16 11:12:53,643 [Worker-23: Launching mavenrun-f2cde72c-8d8d-4079-9a31-e9f38d983f09] INFO  o.eclipse.m2e.core.internal.Bundles - 	Entry: C:\Users\VISHNU VARDHAN\.p2\pool\plugins\org.eclipse.m2e.maven.runtime_3.9.700.20240602-2313
2025-08-16 11:12:53,643 [Worker-23: Launching mavenrun-f2cde72c-8d8d-4079-9a31-e9f38d983f09] INFO  o.eclipse.m2e.core.internal.Bundles - 	Entry: C:\Users\VISHNU VARDHAN\.p2\pool\plugins\org.eclipse.m2e.maven.runtime_3.9.700.20240602-2313\jars\aopalliance-1.0.jar
2025-08-16 11:12:53,644 [Worker-23: Launching mavenrun-f2cde72c-8d8d-4079-9a31-e9f38d983f09] INFO  o.eclipse.m2e.core.internal.Bundles - 	Entry: C:\Users\VISHNU VARDHAN\.p2\pool\plugins\org.eclipse.m2e.maven.runtime_3.9.700.20240602-2313\jars\guice-5.1.0.jar
2025-08-16 11:12:53,644 [Worker-23: Launching mavenrun-f2cde72c-8d8d-4079-9a31-e9f38d983f09] INFO  o.eclipse.m2e.core.internal.Bundles - 	Entry: C:\Users\VISHNU VARDHAN\.p2\pool\plugins\org.eclipse.m2e.maven.runtime_3.9.700.20240602-2313\jars\httpclient-4.5.14.jar
2025-08-16 11:12:53,644 [Worker-23: Launching mavenrun-f2cde72c-8d8d-4079-9a31-e9f38d983f09] INFO  o.eclipse.m2e.core.internal.Bundles - 	Entry: C:\Users\VISHNU VARDHAN\.p2\pool\plugins\org.eclipse.m2e.maven.runtime_3.9.700.20240602-2313\jars\httpcore-4.4.16.jar
2025-08-16 11:12:53,644 [Worker-23: Launching mavenrun-f2cde72c-8d8d-4079-9a31-e9f38d983f09] INFO  o.eclipse.m2e.core.internal.Bundles - 	Entry: C:\Users\VISHNU VARDHAN\.p2\pool\plugins\org.eclipse.m2e.maven.runtime_3.9.700.20240602-2313\jars\jansi-2.4.1.jar
2025-08-16 11:12:53,644 [Worker-23: Launching mavenrun-f2cde72c-8d8d-4079-9a31-e9f38d983f09] INFO  o.eclipse.m2e.core.internal.Bundles - 	Entry: C:\Users\VISHNU VARDHAN\.p2\pool\plugins\org.eclipse.m2e.maven.runtime_3.9.700.20240602-2313\jars\jcl-over-slf4j-1.7.36.jar
2025-08-16 11:12:53,645 [Worker-23: Launching mavenrun-f2cde72c-8d8d-4079-9a31-e9f38d983f09] INFO  o.eclipse.m2e.core.internal.Bundles - 	Entry: C:\Users\VISHNU VARDHAN\.p2\pool\plugins\org.eclipse.m2e.maven.runtime_3.9.700.20240602-2313\jars\maven-artifact-3.9.7.jar
2025-08-16 11:12:53,645 [Worker-23: Launching mavenrun-f2cde72c-8d8d-4079-9a31-e9f38d983f09] INFO  o.eclipse.m2e.core.internal.Bundles - 	Entry: C:\Users\VISHNU VARDHAN\.p2\pool\plugins\org.eclipse.m2e.maven.runtime_3.9.700.20240602-2313\jars\maven-builder-support-3.9.7.jar
2025-08-16 11:12:53,645 [Worker-23: Launching mavenrun-f2cde72c-8d8d-4079-9a31-e9f38d983f09] INFO  o.eclipse.m2e.core.internal.Bundles - 	Entry: C:\Users\VISHNU VARDHAN\.p2\pool\plugins\org.eclipse.m2e.maven.runtime_3.9.700.20240602-2313\jars\maven-compat-3.9.7.jar
2025-08-16 11:12:53,645 [Worker-23: Launching mavenrun-f2cde72c-8d8d-4079-9a31-e9f38d983f09] INFO  o.eclipse.m2e.core.internal.Bundles - 	Entry: C:\Users\VISHNU VARDHAN\.p2\pool\plugins\org.eclipse.m2e.maven.runtime_3.9.700.20240602-2313\jars\maven-core-3.9.7.jar
2025-08-16 11:12:53,645 [Worker-23: Launching mavenrun-f2cde72c-8d8d-4079-9a31-e9f38d983f09] INFO  o.eclipse.m2e.core.internal.Bundles - 	Entry: C:\Users\VISHNU VARDHAN\.p2\pool\plugins\org.eclipse.m2e.maven.runtime_3.9.700.20240602-2313\jars\maven-embedder-3.9.7.jar
2025-08-16 11:12:53,645 [Worker-23: Launching mavenrun-f2cde72c-8d8d-4079-9a31-e9f38d983f09] INFO  o.eclipse.m2e.core.internal.Bundles - 	Entry: C:\Users\VISHNU VARDHAN\.p2\pool\plugins\org.eclipse.m2e.maven.runtime_3.9.700.20240602-2313\jars\maven-model-3.9.7.jar
2025-08-16 11:12:53,646 [Worker-23: Launching mavenrun-f2cde72c-8d8d-4079-9a31-e9f38d983f09] INFO  o.eclipse.m2e.core.internal.Bundles - 	Entry: C:\Users\VISHNU VARDHAN\.p2\pool\plugins\org.eclipse.m2e.maven.runtime_3.9.700.20240602-2313\jars\maven-model-builder-3.9.7.jar
2025-08-16 11:12:53,646 [Worker-23: Launching mavenrun-f2cde72c-8d8d-4079-9a31-e9f38d983f09] INFO  o.eclipse.m2e.core.internal.Bundles - 	Entry: C:\Users\VISHNU VARDHAN\.p2\pool\plugins\org.eclipse.m2e.maven.runtime_3.9.700.20240602-2313\jars\maven-plugin-api-3.9.7.jar
2025-08-16 11:12:53,646 [Worker-23: Launching mavenrun-f2cde72c-8d8d-4079-9a31-e9f38d983f09] INFO  o.eclipse.m2e.core.internal.Bundles - 	Entry: C:\Users\VISHNU VARDHAN\.p2\pool\plugins\org.eclipse.m2e.maven.runtime_3.9.700.20240602-2313\jars\maven-repository-metadata-3.9.7.jar
2025-08-16 11:12:53,646 [Worker-23: Launching mavenrun-f2cde72c-8d8d-4079-9a31-e9f38d983f09] INFO  o.eclipse.m2e.core.internal.Bundles - 	Entry: C:\Users\VISHNU VARDHAN\.p2\pool\plugins\org.eclipse.m2e.maven.runtime_3.9.700.20240602-2313\jars\maven-resolver-api-1.9.20.jar
2025-08-16 11:12:53,646 [Worker-23: Launching mavenrun-f2cde72c-8d8d-4079-9a31-e9f38d983f09] INFO  o.eclipse.m2e.core.internal.Bundles - 	Entry: C:\Users\VISHNU VARDHAN\.p2\pool\plugins\org.eclipse.m2e.maven.runtime_3.9.700.20240602-2313\jars\maven-resolver-connector-basic-1.9.20.jar
2025-08-16 11:12:53,646 [Worker-23: Launching mavenrun-f2cde72c-8d8d-4079-9a31-e9f38d983f09] INFO  o.eclipse.m2e.core.internal.Bundles - 	Entry: C:\Users\VISHNU VARDHAN\.p2\pool\plugins\org.eclipse.m2e.maven.runtime_3.9.700.20240602-2313\jars\maven-resolver-impl-1.9.20.jar
2025-08-16 11:12:53,646 [Worker-23: Launching mavenrun-f2cde72c-8d8d-4079-9a31-e9f38d983f09] INFO  o.eclipse.m2e.core.internal.Bundles - 	Entry: C:\Users\VISHNU VARDHAN\.p2\pool\plugins\org.eclipse.m2e.maven.runtime_3.9.700.20240602-2313\jars\maven-resolver-named-locks-1.9.20.jar
2025-08-16 11:12:53,646 [Worker-23: Launching mavenrun-f2cde72c-8d8d-4079-9a31-e9f38d983f09] INFO  o.eclipse.m2e.core.internal.Bundles - 	Entry: C:\Users\VISHNU VARDHAN\.p2\pool\plugins\org.eclipse.m2e.maven.runtime_3.9.700.20240602-2313\jars\maven-resolver-provider-3.9.7.jar
2025-08-16 11:12:53,646 [Worker-23: Launching mavenrun-f2cde72c-8d8d-4079-9a31-e9f38d983f09] INFO  o.eclipse.m2e.core.internal.Bundles - 	Entry: C:\Users\VISHNU VARDHAN\.p2\pool\plugins\org.eclipse.m2e.maven.runtime_3.9.700.20240602-2313\jars\maven-resolver-spi-1.9.20.jar
2025-08-16 11:12:53,646 [Worker-23: Launching mavenrun-f2cde72c-8d8d-4079-9a31-e9f38d983f09] INFO  o.eclipse.m2e.core.internal.Bundles - 	Entry: C:\Users\VISHNU VARDHAN\.p2\pool\plugins\org.eclipse.m2e.maven.runtime_3.9.700.20240602-2313\jars\maven-resolver-transport-file-1.9.20.jar
2025-08-16 11:12:53,646 [Worker-23: Launching mavenrun-f2cde72c-8d8d-4079-9a31-e9f38d983f09] INFO  o.eclipse.m2e.core.internal.Bundles - 	Entry: C:\Users\VISHNU VARDHAN\.p2\pool\plugins\org.eclipse.m2e.maven.runtime_3.9.700.20240602-2313\jars\maven-resolver-transport-http-1.9.20.jar
2025-08-16 11:12:53,646 [Worker-23: Launching mavenrun-f2cde72c-8d8d-4079-9a31-e9f38d983f09] INFO  o.eclipse.m2e.core.internal.Bundles - 	Entry: C:\Users\VISHNU VARDHAN\.p2\pool\plugins\org.eclipse.m2e.maven.runtime_3.9.700.20240602-2313\jars\maven-resolver-transport-wagon-1.9.20.jar
2025-08-16 11:12:53,646 [Worker-23: Launching mavenrun-f2cde72c-8d8d-4079-9a31-e9f38d983f09] INFO  o.eclipse.m2e.core.internal.Bundles - 	Entry: C:\Users\VISHNU VARDHAN\.p2\pool\plugins\org.eclipse.m2e.maven.runtime_3.9.700.20240602-2313\jars\maven-resolver-util-1.9.20.jar
2025-08-16 11:12:53,647 [Worker-23: Launching mavenrun-f2cde72c-8d8d-4079-9a31-e9f38d983f09] INFO  o.eclipse.m2e.core.internal.Bundles - 	Entry: C:\Users\VISHNU VARDHAN\.p2\pool\plugins\org.eclipse.m2e.maven.runtime_3.9.700.20240602-2313\jars\maven-settings-3.9.7.jar
2025-08-16 11:12:53,647 [Worker-23: Launching mavenrun-f2cde72c-8d8d-4079-9a31-e9f38d983f09] INFO  o.eclipse.m2e.core.internal.Bundles - 	Entry: C:\Users\VISHNU VARDHAN\.p2\pool\plugins\org.eclipse.m2e.maven.runtime_3.9.700.20240602-2313\jars\maven-settings-builder-3.9.7.jar
2025-08-16 11:12:53,647 [Worker-23: Launching mavenrun-f2cde72c-8d8d-4079-9a31-e9f38d983f09] INFO  o.eclipse.m2e.core.internal.Bundles - 	Entry: C:\Users\VISHNU VARDHAN\.p2\pool\plugins\org.eclipse.m2e.maven.runtime_3.9.700.20240602-2313\jars\maven-shared-utils-3.4.2.jar
2025-08-16 11:12:53,647 [Worker-23: Launching mavenrun-f2cde72c-8d8d-4079-9a31-e9f38d983f09] INFO  o.eclipse.m2e.core.internal.Bundles - 	Entry: C:\Users\VISHNU VARDHAN\.p2\pool\plugins\org.eclipse.m2e.maven.runtime_3.9.700.20240602-2313\jars\org.eclipse.sisu.inject-0.9.0.M2.jar
2025-08-16 11:12:53,647 [Worker-23: Launching mavenrun-f2cde72c-8d8d-4079-9a31-e9f38d983f09] INFO  o.eclipse.m2e.core.internal.Bundles - 	Entry: C:\Users\VISHNU VARDHAN\.p2\pool\plugins\org.eclipse.m2e.maven.runtime_3.9.700.20240602-2313\jars\org.eclipse.sisu.plexus-0.9.0.M2.jar
2025-08-16 11:12:53,648 [Worker-23: Launching mavenrun-f2cde72c-8d8d-4079-9a31-e9f38d983f09] INFO  o.eclipse.m2e.core.internal.Bundles - 	Entry: C:\Users\VISHNU VARDHAN\.p2\pool\plugins\org.eclipse.m2e.maven.runtime_3.9.700.20240602-2313\jars\plexus-build-api-0.0.7.jar
2025-08-16 11:12:53,648 [Worker-23: Launching mavenrun-f2cde72c-8d8d-4079-9a31-e9f38d983f09] INFO  o.eclipse.m2e.core.internal.Bundles - 	Entry: C:\Users\VISHNU VARDHAN\.p2\pool\plugins\org.eclipse.m2e.maven.runtime_3.9.700.20240602-2313\jars\plexus-build-api-1.2.0.jar
2025-08-16 11:12:53,648 [Worker-23: Launching mavenrun-f2cde72c-8d8d-4079-9a31-e9f38d983f09] INFO  o.eclipse.m2e.core.internal.Bundles - 	Entry: C:\Users\VISHNU VARDHAN\.p2\pool\plugins\org.eclipse.m2e.maven.runtime_3.9.700.20240602-2313\jars\plexus-cipher-2.0.jar
2025-08-16 11:12:53,648 [Worker-23: Launching mavenrun-f2cde72c-8d8d-4079-9a31-e9f38d983f09] INFO  o.eclipse.m2e.core.internal.Bundles - 	Entry: C:\Users\VISHNU VARDHAN\.p2\pool\plugins\org.eclipse.m2e.maven.runtime_3.9.700.20240602-2313\jars\plexus-classworlds-2.8.0.jar
2025-08-16 11:12:53,649 [Worker-23: Launching mavenrun-f2cde72c-8d8d-4079-9a31-e9f38d983f09] INFO  o.eclipse.m2e.core.internal.Bundles - 	Entry: C:\Users\VISHNU VARDHAN\.p2\pool\plugins\org.eclipse.m2e.maven.runtime_3.9.700.20240602-2313\jars\plexus-component-annotations-2.1.0.jar
2025-08-16 11:12:53,649 [Worker-23: Launching mavenrun-f2cde72c-8d8d-4079-9a31-e9f38d983f09] INFO  o.eclipse.m2e.core.internal.Bundles - 	Entry: C:\Users\VISHNU VARDHAN\.p2\pool\plugins\org.eclipse.m2e.maven.runtime_3.9.700.20240602-2313\jars\plexus-interpolation-1.27.jar
2025-08-16 11:12:53,649 [Worker-23: Launching mavenrun-f2cde72c-8d8d-4079-9a31-e9f38d983f09] INFO  o.eclipse.m2e.core.internal.Bundles - 	Entry: C:\Users\VISHNU VARDHAN\.p2\pool\plugins\org.eclipse.m2e.maven.runtime_3.9.700.20240602-2313\jars\plexus-sec-dispatcher-2.0.jar
2025-08-16 11:12:53,649 [Worker-23: Launching mavenrun-f2cde72c-8d8d-4079-9a31-e9f38d983f09] INFO  o.eclipse.m2e.core.internal.Bundles - 	Entry: C:\Users\VISHNU VARDHAN\.p2\pool\plugins\org.eclipse.m2e.maven.runtime_3.9.700.20240602-2313\jars\plexus-utils-3.5.1.jar
2025-08-16 11:12:53,649 [Worker-23: Launching mavenrun-f2cde72c-8d8d-4079-9a31-e9f38d983f09] INFO  o.eclipse.m2e.core.internal.Bundles - 	Entry: C:\Users\VISHNU VARDHAN\.p2\pool\plugins\org.eclipse.m2e.maven.runtime_3.9.700.20240602-2313\jars\wagon-file-3.5.3.jar
2025-08-16 11:12:53,650 [Worker-23: Launching mavenrun-f2cde72c-8d8d-4079-9a31-e9f38d983f09] INFO  o.eclipse.m2e.core.internal.Bundles - 	Entry: C:\Users\VISHNU VARDHAN\.p2\pool\plugins\org.eclipse.m2e.maven.runtime_3.9.700.20240602-2313\jars\wagon-http-3.5.3.jar
2025-08-16 11:12:53,650 [Worker-23: Launching mavenrun-f2cde72c-8d8d-4079-9a31-e9f38d983f09] INFO  o.eclipse.m2e.core.internal.Bundles - 	Entry: C:\Users\VISHNU VARDHAN\.p2\pool\plugins\org.eclipse.m2e.maven.runtime_3.9.700.20240602-2313\jars\wagon-http-shared-3.5.3.jar
2025-08-16 11:12:53,650 [Worker-23: Launching mavenrun-f2cde72c-8d8d-4079-9a31-e9f38d983f09] INFO  o.eclipse.m2e.core.internal.Bundles - 	Entry: C:\Users\VISHNU VARDHAN\.p2\pool\plugins\org.eclipse.m2e.maven.runtime_3.9.700.20240602-2313\jars\wagon-provider-api-3.5.3.jar
2025-08-16 11:12:53,652 [Worker-23: Launching mavenrun-f2cde72c-8d8d-4079-9a31-e9f38d983f09] INFO  o.eclipse.m2e.core.internal.Bundles - getClasspathEntries(Bundle=com.google.guava_33.2.0.jre [16])
2025-08-16 11:12:53,652 [Worker-23: Launching mavenrun-f2cde72c-8d8d-4079-9a31-e9f38d983f09] INFO  o.eclipse.m2e.core.internal.Bundles - 	Entry: C:\Users\VISHNU VARDHAN\.p2\pool\plugins\com.google.guava_33.2.0.jre.jar
2025-08-16 11:12:53,653 [Worker-23: Launching mavenrun-f2cde72c-8d8d-4079-9a31-e9f38d983f09] INFO  o.eclipse.m2e.core.internal.Bundles - getClasspathEntries(Bundle=slf4j.api_2.0.16 [1009])
2025-08-16 11:12:53,653 [Worker-23: Launching mavenrun-f2cde72c-8d8d-4079-9a31-e9f38d983f09] INFO  o.eclipse.m2e.core.internal.Bundles - 	Entry: C:\Users\VISHNU VARDHAN\.p2\pool\plugins\slf4j.api_2.0.16.jar
2025-08-16 11:12:53,653 [Worker-23: Launching mavenrun-f2cde72c-8d8d-4079-9a31-e9f38d983f09] INFO  o.eclipse.m2e.core.internal.Bundles - getClasspathEntries(Bundle=jakarta.inject.jakarta.inject-api_1.0.5 [33])
2025-08-16 11:12:53,653 [Worker-23: Launching mavenrun-f2cde72c-8d8d-4079-9a31-e9f38d983f09] INFO  o.eclipse.m2e.core.internal.Bundles - 	Entry: C:\Users\VISHNU VARDHAN\.p2\pool\plugins\jakarta.inject.jakarta.inject-api_1.0.5.jar
2025-08-16 11:12:53,653 [Worker-23: Launching mavenrun-f2cde72c-8d8d-4079-9a31-e9f38d983f09] INFO  o.eclipse.m2e.core.internal.Bundles - getClasspathEntries(Bundle=javax.annotation_1.3.5.v20200909-1856 [44])
2025-08-16 11:12:53,654 [Worker-23: Launching mavenrun-f2cde72c-8d8d-4079-9a31-e9f38d983f09] INFO  o.eclipse.m2e.core.internal.Bundles - 	Entry: C:\Users\VISHNU VARDHAN\.p2\pool\plugins\javax.annotation_1.3.5.v20200909-1856.jar
2025-08-16 11:12:53,654 [Worker-23: Launching mavenrun-f2cde72c-8d8d-4079-9a31-e9f38d983f09] INFO  o.eclipse.m2e.core.internal.Bundles - getClasspathEntries(Bundle=org.apache.commons.cli_1.8.0 [78])
2025-08-16 11:12:53,654 [Worker-23: Launching mavenrun-f2cde72c-8d8d-4079-9a31-e9f38d983f09] INFO  o.eclipse.m2e.core.internal.Bundles - 	Entry: C:\Users\VISHNU VARDHAN\.p2\pool\plugins\org.apache.commons.cli_1.8.0.jar
2025-08-16 11:12:53,654 [Worker-23: Launching mavenrun-f2cde72c-8d8d-4079-9a31-e9f38d983f09] INFO  o.eclipse.m2e.core.internal.Bundles - getClasspathEntries(Bundle=org.apache.commons.commons-codec_1.16.0 [81])
2025-08-16 11:12:53,654 [Worker-23: Launching mavenrun-f2cde72c-8d8d-4079-9a31-e9f38d983f09] INFO  o.eclipse.m2e.core.internal.Bundles - 	Entry: C:\Users\VISHNU VARDHAN\.p2\pool\plugins\org.apache.commons.commons-codec_1.16.0.jar
2025-08-16 11:12:53,654 [Worker-23: Launching mavenrun-f2cde72c-8d8d-4079-9a31-e9f38d983f09] INFO  o.eclipse.m2e.core.internal.Bundles - getClasspathEntries(Bundle=org.apache.commons.lang3_3.14.0 [89])
2025-08-16 11:12:53,655 [Worker-23: Launching mavenrun-f2cde72c-8d8d-4079-9a31-e9f38d983f09] INFO  o.eclipse.m2e.core.internal.Bundles - 	Entry: C:\Users\VISHNU VARDHAN\.p2\pool\plugins\org.apache.commons.lang3_3.14.0.jar
2025-08-16 11:12:53,655 [Worker-23: Launching mavenrun-f2cde72c-8d8d-4079-9a31-e9f38d983f09] INFO  o.eclipse.m2e.core.internal.Bundles - getClasspathEntries(Bundle=com.google.guava.failureaccess_1.0.2 [17])
2025-08-16 11:12:53,655 [Worker-23: Launching mavenrun-f2cde72c-8d8d-4079-9a31-e9f38d983f09] INFO  o.eclipse.m2e.core.internal.Bundles - 	Entry: C:\Users\VISHNU VARDHAN\.p2\pool\plugins\com.google.guava.failureaccess_1.0.2.jar
2025-08-16 11:12:53,660 [Worker-23: Launching mavenrun-f2cde72c-8d8d-4079-9a31-e9f38d983f09] INFO  o.e.m.i.launch.MavenLaunchDelegate - Run build in "C:\Users\VISHNU~1\AppData\Local\Temp\m2e-archetypeGenerator12427772588297074227":
2025-08-16 11:12:53,661 [Worker-23: Launching mavenrun-f2cde72c-8d8d-4079-9a31-e9f38d983f09] INFO  o.e.m.i.launch.MavenLaunchDelegate -  mvn  -DjavaCompilerVersion=17 -DjunitVersion=5.11.0 -DarchetypeGroupId=org.apache.maven.archetypes -DarchetypeArtifactId=maven-archetype-quickstart -DarchetypeVersion=1.5 -DgroupId=com.wipro -DartifactId=Java_Selinium_01 -Dversion=0.0.1-SNAPSHOT -Dpackage=com.wipro.Java_Selinium_01 -DoutputDirectory="C:\Users\VISHNU VARDHAN\Wipro" -Dstyle.color=always -U archetype:generate
2025-08-16 11:13:06,112 [Worker-28: Creating maven-archetype-quickstart] INFO  o.e.m.c.i.p.ProjectConfigurationManager - Collecting project info '/pom.xml' C:\Users\VISHNU VARDHAN\Wipro\Java_Selinium_01\pom.xml
2025-08-16 11:13:06,765 [Worker-28: Creating maven-archetype-quickstart] INFO  o.e.m.c.i.l.LifecycleMappingFactory - Using org.eclipse.m2e.jdt.JarLifecycleMapping lifecycle mapping for MavenProject: com.wipro:Java_Selinium_01:0.0.1-SNAPSHOT @ C:\Users\VISHNU VARDHAN\Wipro\Java_Selinium_01\pom.xml.
2025-08-16 11:13:07,331 [Worker-28: Creating maven-archetype-quickstart] INFO  o.e.m.j.i.AbstractJavaProjectConfigurator - Adding source folder /Java_Selinium_01/src/main/java
2025-08-16 11:13:07,332 [Worker-28: Creating maven-archetype-quickstart] INFO  o.e.m.j.i.AbstractJavaProjectConfigurator - Adding resource folder /Java_Selinium_01/src/main/resources
2025-08-16 11:13:07,336 [Worker-28: Creating maven-archetype-quickstart] INFO  o.e.m.j.i.AbstractJavaProjectConfigurator - Adding source folder /Java_Selinium_01/src/test/java
2025-08-16 11:13:07,339 [Worker-28: Creating maven-archetype-quickstart] INFO  o.e.m.j.i.AbstractJavaProjectConfigurator - Adding resource folder /Java_Selinium_01/src/test/resources
2025-08-16 11:13:07,450 [Worker-28: Creating maven-archetype-quickstart] INFO  o.e.m.c.i.p.ProjectConfigurationManager - Imported and configured 1 project(s) in 1 sec
2025-08-16 11:13:08,184 [Worker-30: Building] INFO  o.a.m.s.f.DefaultMavenResourcesFiltering - skip non existing resourceDirectory C:\Users\VISHNU VARDHAN\Wipro\Java_Selinium_01\src\main\resources
2025-08-16 11:13:08,191 [Worker-30: Building] INFO  o.a.m.s.f.DefaultMavenResourcesFiltering - skip non existing resourceDirectory C:\Users\VISHNU VARDHAN\Wipro\Java_Selinium_01\src\test\resources
2025-08-16 11:14:01,099 [Worker-28: Building] INFO  o.a.m.s.f.DefaultMavenResourcesFiltering - skip non existing resourceDirectory C:\Users\VISHNU VARDHAN\Wipro\Java_Selinium_01\src\main\resources
2025-08-16 11:14:01,102 [Worker-28: Building] INFO  o.a.m.s.f.DefaultMavenResourcesFiltering - skip non existing resourceDirectory C:\Users\VISHNU VARDHAN\Wipro\Java_Selinium_01\src\test\resources
2025-08-16 11:14:07,483 [Worker-23: Building] INFO  o.a.m.s.f.DefaultMavenResourcesFiltering - skip non existing resourceDirectory C:\Users\VISHNU VARDHAN\Wipro\Java_Selinium_01\src\main\resources
2025-08-16 11:14:07,485 [Worker-23: Building] INFO  o.a.m.s.f.DefaultMavenResourcesFiltering - skip non existing resourceDirectory C:\Users\VISHNU VARDHAN\Wipro\Java_Selinium_01\src\test\resources
2025-08-16 11:14:55,525 [Worker-30: Building] INFO  o.a.m.s.f.DefaultMavenResourcesFiltering - skip non existing resourceDirectory C:\Users\VISHNU VARDHAN\Wipro\Java_Selinium_01\src\main\resources
2025-08-16 11:14:55,527 [Worker-30: Building] INFO  o.a.m.s.f.DefaultMavenResourcesFiltering - skip non existing resourceDirectory C:\Users\VISHNU VARDHAN\Wipro\Java_Selinium_01\src\test\resources
2025-08-16 11:16:06,553 [Worker-32: Building] INFO  o.e.m.c.i.l.LifecycleMappingFactory - Using org.eclipse.m2e.jdt.JarLifecycleMapping lifecycle mapping for MavenProject: com.wipro:Java_Selinium_01:0.0.1-SNAPSHOT @ C:\Users\VISHNU VARDHAN\Wipro\Java_Selinium_01\pom.xml.
2025-08-16 11:16:07,359 [Worker-32: Building] INFO  o.a.m.s.f.DefaultMavenResourcesFiltering - skip non existing resourceDirectory C:\Users\VISHNU VARDHAN\Wipro\Java_Selinium_01\src\main\resources
2025-08-16 11:16:07,364 [Worker-32: Building] INFO  o.a.m.s.f.DefaultMavenResourcesFiltering - skip non existing resourceDirectory C:\Users\VISHNU VARDHAN\Wipro\Java_Selinium_01\src\test\resources
2025-08-16 11:16:08,731 [Worker-32: Building] INFO  o.a.m.s.f.DefaultMavenResourcesFiltering - skip non existing resourceDirectory C:\Users\VISHNU VARDHAN\Wipro\Java_Selinium_01\src\main\resources
2025-08-16 11:16:08,734 [Worker-32: Building] INFO  o.a.m.s.f.DefaultMavenResourcesFiltering - skip non existing resourceDirectory C:\Users\VISHNU VARDHAN\Wipro\Java_Selinium_01\src\test\resources
2025-08-16 11:16:12,329 [Worker-26: Building] INFO  o.a.m.s.f.DefaultMavenResourcesFiltering - skip non existing resourceDirectory C:\Users\VISHNU VARDHAN\Wipro\Java_Selinium_01\src\main\resources
2025-08-16 11:16:12,332 [Worker-26: Building] INFO  o.a.m.s.f.DefaultMavenResourcesFiltering - skip non existing resourceDirectory C:\Users\VISHNU VARDHAN\Wipro\Java_Selinium_01\src\test\resources
2025-08-16 11:16:19,647 [Worker-32: Building] INFO  o.a.m.s.f.DefaultMavenResourcesFiltering - skip non existing resourceDirectory C:\Users\VISHNU VARDHAN\Wipro\Java_Selinium_01\src\main\resources
2025-08-16 11:16:19,651 [Worker-32: Building] INFO  o.a.m.s.f.DefaultMavenResourcesFiltering - skip non existing resourceDirectory C:\Users\VISHNU VARDHAN\Wipro\Java_Selinium_01\src\test\resources
2025-08-16 11:19:04,462 [Worker-26: Launching Alerts] INFO  o.a.m.s.f.DefaultMavenResourcesFiltering - skip non existing resourceDirectory C:\Users\VISHNU VARDHAN\Wipro\Java_Selinium_01\src\main\resources
2025-08-16 11:19:04,465 [Worker-26: Launching Alerts] INFO  o.a.m.s.f.DefaultMavenResourcesFiltering - skip non existing resourceDirectory C:\Users\VISHNU VARDHAN\Wipro\Java_Selinium_01\src\test\resources
2025-08-16 11:19:28,746 [Worker-29: Building] INFO  o.a.m.s.f.DefaultMavenResourcesFiltering - skip non existing resourceDirectory C:\Users\VISHNU VARDHAN\Wipro\Java_Selinium_01\src\main\resources
2025-08-16 11:19:28,753 [Worker-29: Building] INFO  o.a.m.s.f.DefaultMavenResourcesFiltering - skip non existing resourceDirectory C:\Users\VISHNU VARDHAN\Wipro\Java_Selinium_01\src\test\resources
2025-08-16 11:20:25,870 [Worker-32: Building] INFO  o.a.m.s.f.DefaultMavenResourcesFiltering - skip non existing resourceDirectory C:\Users\VISHNU VARDHAN\Wipro\Java_Selinium_01\src\main\resources
2025-08-16 11:20:25,872 [Worker-32: Building] INFO  o.a.m.s.f.DefaultMavenResourcesFiltering - skip non existing resourceDirectory C:\Users\VISHNU VARDHAN\Wipro\Java_Selinium_01\src\test\resources
2025-08-16 11:20:43,038 [Worker-32: Building] INFO  o.a.m.s.f.DefaultMavenResourcesFiltering - skip non existing resourceDirectory C:\Users\VISHNU VARDHAN\Wipro\Java_Selinium_01\src\main\resources
2025-08-16 11:20:43,041 [Worker-32: Building] INFO  o.a.m.s.f.DefaultMavenResourcesFiltering - skip non existing resourceDirectory C:\Users\VISHNU VARDHAN\Wipro\Java_Selinium_01\src\test\resources
2025-08-16 11:20:53,323 [Worker-27: Building] INFO  o.a.m.s.f.DefaultMavenResourcesFiltering - skip non existing resourceDirectory C:\Users\VISHNU VARDHAN\Wipro\Java_Selinium_01\src\main\resources
2025-08-16 11:20:53,325 [Worker-27: Building] INFO  o.a.m.s.f.DefaultMavenResourcesFiltering - skip non existing resourceDirectory C:\Users\VISHNU VARDHAN\Wipro\Java_Selinium_01\src\test\resources
2025-08-16 11:21:03,379 [Worker-23: Building] INFO  o.a.m.s.f.DefaultMavenResourcesFiltering - skip non existing resourceDirectory C:\Users\VISHNU VARDHAN\Wipro\Java_Selinium_01\src\main\resources
2025-08-16 11:21:03,382 [Worker-23: Building] INFO  o.a.m.s.f.DefaultMavenResourcesFiltering - skip non existing resourceDirectory C:\Users\VISHNU VARDHAN\Wipro\Java_Selinium_01\src\test\resources
2025-08-16 11:21:08,346 [Worker-27: Building] INFO  o.a.m.s.f.DefaultMavenResourcesFiltering - skip non existing resourceDirectory C:\Users\VISHNU VARDHAN\Wipro\Java_Selinium_01\src\main\resources
2025-08-16 11:21:08,351 [Worker-27: Building] INFO  o.a.m.s.f.DefaultMavenResourcesFiltering - skip non existing resourceDirectory C:\Users\VISHNU VARDHAN\Wipro\Java_Selinium_01\src\test\resources
2025-08-16 11:21:13,985 [Worker-32: Building] INFO  o.a.m.s.f.DefaultMavenResourcesFiltering - skip non existing resourceDirectory C:\Users\VISHNU VARDHAN\Wipro\Java_Selinium_01\src\main\resources
2025-08-16 11:21:13,993 [Worker-32: Building] INFO  o.a.m.s.f.DefaultMavenResourcesFiltering - skip non existing resourceDirectory C:\Users\VISHNU VARDHAN\Wipro\Java_Selinium_01\src\test\resources
2025-08-16 11:21:33,449 [Worker-26: Building] INFO  o.a.m.s.f.DefaultMavenResourcesFiltering - skip non existing resourceDirectory C:\Users\VISHNU VARDHAN\Wipro\Java_Selinium_01\src\main\resources
2025-08-16 11:21:33,454 [Worker-26: Building] INFO  o.a.m.s.f.DefaultMavenResourcesFiltering - skip non existing resourceDirectory C:\Users\VISHNU VARDHAN\Wipro\Java_Selinium_01\src\test\resources
2025-08-16 11:21:35,191 [Worker-27: Building] INFO  o.a.m.s.f.DefaultMavenResourcesFiltering - skip non existing resourceDirectory C:\Users\VISHNU VARDHAN\Wipro\Java_Selinium_01\src\main\resources
2025-08-16 11:21:35,193 [Worker-27: Building] INFO  o.a.m.s.f.DefaultMavenResourcesFiltering - skip non existing resourceDirectory C:\Users\VISHNU VARDHAN\Wipro\Java_Selinium_01\src\test\resources
2025-08-16 11:21:39,423 [Worker-33: Building] INFO  o.a.m.s.f.DefaultMavenResourcesFiltering - skip non existing resourceDirectory C:\Users\VISHNU VARDHAN\Wipro\Java_Selinium_01\src\main\resources
2025-08-16 11:21:39,425 [Worker-33: Building] INFO  o.a.m.s.f.DefaultMavenResourcesFiltering - skip non existing resourceDirectory C:\Users\VISHNU VARDHAN\Wipro\Java_Selinium_01\src\test\resources
2025-08-16 11:21:43,839 [Worker-27: Building] INFO  o.a.m.s.f.DefaultMavenResourcesFiltering - skip non existing resourceDirectory C:\Users\VISHNU VARDHAN\Wipro\Java_Selinium_01\src\main\resources
2025-08-16 11:21:43,845 [Worker-27: Building] INFO  o.a.m.s.f.DefaultMavenResourcesFiltering - skip non existing resourceDirectory C:\Users\VISHNU VARDHAN\Wipro\Java_Selinium_01\src\test\resources
2025-08-16 11:21:49,114 [Worker-23: Building] INFO  o.a.m.s.f.DefaultMavenResourcesFiltering - skip non existing resourceDirectory C:\Users\VISHNU VARDHAN\Wipro\Java_Selinium_01\src\main\resources
2025-08-16 11:21:49,117 [Worker-23: Building] INFO  o.a.m.s.f.DefaultMavenResourcesFiltering - skip non existing resourceDirectory C:\Users\VISHNU VARDHAN\Wipro\Java_Selinium_01\src\test\resources
2025-08-16 11:22:06,846 [Worker-27: Building] INFO  o.a.m.s.f.DefaultMavenResourcesFiltering - skip non existing resourceDirectory C:\Users\VISHNU VARDHAN\Wipro\Java_Selinium_01\src\main\resources
2025-08-16 11:22:06,848 [Worker-27: Building] INFO  o.a.m.s.f.DefaultMavenResourcesFiltering - skip non existing resourceDirectory C:\Users\VISHNU VARDHAN\Wipro\Java_Selinium_01\src\test\resources
2025-08-16 11:22:11,425 [Worker-33: Building] INFO  o.a.m.s.f.DefaultMavenResourcesFiltering - skip non existing resourceDirectory C:\Users\VISHNU VARDHAN\Wipro\Java_Selinium_01\src\main\resources
2025-08-16 11:22:11,428 [Worker-33: Building] INFO  o.a.m.s.f.DefaultMavenResourcesFiltering - skip non existing resourceDirectory C:\Users\VISHNU VARDHAN\Wipro\Java_Selinium_01\src\test\resources
2025-08-16 11:22:15,358 [Worker-26: Building] INFO  o.a.m.s.f.DefaultMavenResourcesFiltering - skip non existing resourceDirectory C:\Users\VISHNU VARDHAN\Wipro\Java_Selinium_01\src\main\resources
2025-08-16 11:22:15,360 [Worker-26: Building] INFO  o.a.m.s.f.DefaultMavenResourcesFiltering - skip non existing resourceDirectory C:\Users\VISHNU VARDHAN\Wipro\Java_Selinium_01\src\test\resources
2025-08-16 11:22:19,154 [Worker-32: Building] INFO  o.a.m.s.f.DefaultMavenResourcesFiltering - skip non existing resourceDirectory C:\Users\VISHNU VARDHAN\Wipro\Java_Selinium_01\src\main\resources
2025-08-16 11:22:19,159 [Worker-32: Building] INFO  o.a.m.s.f.DefaultMavenResourcesFiltering - skip non existing resourceDirectory C:\Users\VISHNU VARDHAN\Wipro\Java_Selinium_01\src\test\resources
2025-08-16 11:22:23,564 [Worker-23: Building] INFO  o.a.m.s.f.DefaultMavenResourcesFiltering - skip non existing resourceDirectory C:\Users\VISHNU VARDHAN\Wipro\Java_Selinium_01\src\main\resources
2025-08-16 11:22:23,569 [Worker-23: Building] INFO  o.a.m.s.f.DefaultMavenResourcesFiltering - skip non existing resourceDirectory C:\Users\VISHNU VARDHAN\Wipro\Java_Selinium_01\src\test\resources
2025-08-16 11:22:29,943 [Worker-32: Building] INFO  o.a.m.s.f.DefaultMavenResourcesFiltering - skip non existing resourceDirectory C:\Users\VISHNU VARDHAN\Wipro\Java_Selinium_01\src\main\resources
2025-08-16 11:22:29,945 [Worker-32: Building] INFO  o.a.m.s.f.DefaultMavenResourcesFiltering - skip non existing resourceDirectory C:\Users\VISHNU VARDHAN\Wipro\Java_Selinium_01\src\test\resources
2025-08-16 11:23:06,550 [Worker-23: Building] INFO  o.a.m.s.f.DefaultMavenResourcesFiltering - skip non existing resourceDirectory C:\Users\VISHNU VARDHAN\Wipro\Java_Selinium_01\src\main\resources
2025-08-16 11:23:06,552 [Worker-23: Building] INFO  o.a.m.s.f.DefaultMavenResourcesFiltering - skip non existing resourceDirectory C:\Users\VISHNU VARDHAN\Wipro\Java_Selinium_01\src\test\resources
2025-08-16 11:23:15,742 [Worker-26: Building] INFO  o.a.m.s.f.DefaultMavenResourcesFiltering - skip non existing resourceDirectory C:\Users\VISHNU VARDHAN\Wipro\Java_Selinium_01\src\main\resources
2025-08-16 11:23:15,745 [Worker-26: Building] INFO  o.a.m.s.f.DefaultMavenResourcesFiltering - skip non existing resourceDirectory C:\Users\VISHNU VARDHAN\Wipro\Java_Selinium_01\src\test\resources
2025-08-16 11:23:19,930 [Worker-27: Building] INFO  o.a.m.s.f.DefaultMavenResourcesFiltering - skip non existing resourceDirectory C:\Users\VISHNU VARDHAN\Wipro\Java_Selinium_01\src\main\resources
2025-08-16 11:23:19,932 [Worker-27: Building] INFO  o.a.m.s.f.DefaultMavenResourcesFiltering - skip non existing resourceDirectory C:\Users\VISHNU VARDHAN\Wipro\Java_Selinium_01\src\test\resources
2025-08-16 11:23:23,994 [Worker-23: Building] INFO  o.a.m.s.f.DefaultMavenResourcesFiltering - skip non existing resourceDirectory C:\Users\VISHNU VARDHAN\Wipro\Java_Selinium_01\src\main\resources
2025-08-16 11:23:23,998 [Worker-23: Building] INFO  o.a.m.s.f.DefaultMavenResourcesFiltering - skip non existing resourceDirectory C:\Users\VISHNU VARDHAN\Wipro\Java_Selinium_01\src\test\resources
2025-08-16 11:23:55,625 [Worker-27: Building] INFO  o.a.m.s.f.DefaultMavenResourcesFiltering - skip non existing resourceDirectory C:\Users\VISHNU VARDHAN\Wipro\Java_Selinium_01\src\main\resources
2025-08-16 11:23:55,629 [Worker-27: Building] INFO  o.a.m.s.f.DefaultMavenResourcesFiltering - skip non existing resourceDirectory C:\Users\VISHNU VARDHAN\Wipro\Java_Selinium_01\src\test\resources
2025-08-16 11:23:58,829 [Worker-32: Building] INFO  o.a.m.s.f.DefaultMavenResourcesFiltering - skip non existing resourceDirectory C:\Users\VISHNU VARDHAN\Wipro\Java_Selinium_01\src\main\resources
2025-08-16 11:23:58,832 [Worker-32: Building] INFO  o.a.m.s.f.DefaultMavenResourcesFiltering - skip non existing resourceDirectory C:\Users\VISHNU VARDHAN\Wipro\Java_Selinium_01\src\test\resources
2025-08-16 11:24:08,793 [Worker-29: Building] INFO  o.a.m.s.f.DefaultMavenResourcesFiltering - skip non existing resourceDirectory C:\Users\VISHNU VARDHAN\Wipro\Java_Selinium_01\src\main\resources
2025-08-16 11:24:08,795 [Worker-29: Building] INFO  o.a.m.s.f.DefaultMavenResourcesFiltering - skip non existing resourceDirectory C:\Users\VISHNU VARDHAN\Wipro\Java_Selinium_01\src\test\resources
2025-08-16 11:24:13,252 [Worker-23: Building] INFO  o.a.m.s.f.DefaultMavenResourcesFiltering - skip non existing resourceDirectory C:\Users\VISHNU VARDHAN\Wipro\Java_Selinium_01\src\main\resources
2025-08-16 11:24:13,255 [Worker-23: Building] INFO  o.a.m.s.f.DefaultMavenResourcesFiltering - skip non existing resourceDirectory C:\Users\VISHNU VARDHAN\Wipro\Java_Selinium_01\src\test\resources
2025-08-16 11:24:24,010 [Worker-29: Building] INFO  o.a.m.s.f.DefaultMavenResourcesFiltering - skip non existing resourceDirectory C:\Users\VISHNU VARDHAN\Wipro\Java_Selinium_01\src\main\resources
2025-08-16 11:24:24,015 [Worker-29: Building] INFO  o.a.m.s.f.DefaultMavenResourcesFiltering - skip non existing resourceDirectory C:\Users\VISHNU VARDHAN\Wipro\Java_Selinium_01\src\test\resources
2025-08-16 11:35:29,052 [Worker-4: Loading available Gradle versions] INFO  o.e.b.c.i.u.g.PublishedGradleVersions - Gradle version information cache is up-to-date. Trying to read.
2025-08-16 11:36:01,885 [Worker-0: Building] INFO  o.a.m.s.f.DefaultMavenResourcesFiltering - skip non existing resourceDirectory C:\Users\VISHNU VARDHAN\Wipro\Java_Selinium_01\src\main\resources
2025-08-16 11:36:01,892 [Worker-0: Building] INFO  o.a.m.s.f.DefaultMavenResourcesFiltering - skip non existing resourceDirectory C:\Users\VISHNU VARDHAN\Wipro\Java_Selinium_01\src\test\resources
2025-08-16 11:36:42,881 [Worker-5: Building] INFO  o.a.m.s.f.DefaultMavenResourcesFiltering - skip non existing resourceDirectory C:\Users\VISHNU VARDHAN\Wipro\Java_Selinium_01\src\main\resources
2025-08-16 11:36:42,885 [Worker-5: Building] INFO  o.a.m.s.f.DefaultMavenResourcesFiltering - skip non existing resourceDirectory C:\Users\VISHNU VARDHAN\Wipro\Java_Selinium_01\src\test\resources
2025-08-16 11:37:00,386 [Worker-15: Building] INFO  o.a.m.s.f.DefaultMavenResourcesFiltering - skip non existing resourceDirectory C:\Users\VISHNU VARDHAN\Wipro\Java_Selinium_01\src\main\resources
2025-08-16 11:37:00,389 [Worker-15: Building] INFO  o.a.m.s.f.DefaultMavenResourcesFiltering - skip non existing resourceDirectory C:\Users\VISHNU VARDHAN\Wipro\Java_Selinium_01\src\test\resources
2025-08-16 11:39:20,795 [Worker-14: Building] INFO  o.a.m.s.f.DefaultMavenResourcesFiltering - skip non existing resourceDirectory C:\Users\VISHNU VARDHAN\Wipro\Java_Selinium_01\src\main\resources
2025-08-16 11:39:20,797 [Worker-14: Building] INFO  o.a.m.s.f.DefaultMavenResourcesFiltering - skip non existing resourceDirectory C:\Users\VISHNU VARDHAN\Wipro\Java_Selinium_01\src\test\resources
2025-08-16 11:39:32,790 [Worker-8: Launching Web_Table] INFO  o.a.m.s.f.DefaultMavenResourcesFiltering - skip non existing resourceDirectory C:\Users\VISHNU VARDHAN\Wipro\Java_Selinium_01\src\main\resources
2025-08-16 11:39:32,794 [Worker-8: Launching Web_Table] INFO  o.a.m.s.f.DefaultMavenResourcesFiltering - skip non existing resourceDirectory C:\Users\VISHNU VARDHAN\Wipro\Java_Selinium_01\src\test\resources
2025-08-16 12:11:51,876 [Worker-33: Building] INFO  o.a.m.s.f.DefaultMavenResourcesFiltering - skip non existing resourceDirectory C:\Users\VISHNU VARDHAN\Wipro\Java_Selinium_01\src\main\resources
2025-08-16 12:11:51,880 [Worker-33: Building] INFO  o.a.m.s.f.DefaultMavenResourcesFiltering - skip non existing resourceDirectory C:\Users\VISHNU VARDHAN\Wipro\Java_Selinium_01\src\test\resources
2025-08-16 12:13:07,132 [Worker-33: Building] INFO  o.a.m.s.f.DefaultMavenResourcesFiltering - skip non existing resourceDirectory C:\Users\VISHNU VARDHAN\Wipro\Java_Selinium_01\src\main\resources
2025-08-16 12:13:07,135 [Worker-33: Building] INFO  o.a.m.s.f.DefaultMavenResourcesFiltering - skip non existing resourceDirectory C:\Users\VISHNU VARDHAN\Wipro\Java_Selinium_01\src\test\resources
2025-08-16 12:13:30,804 [Worker-38: Building] INFO  o.a.m.s.f.DefaultMavenResourcesFiltering - skip non existing resourceDirectory C:\Users\VISHNU VARDHAN\Wipro\Java_Selinium_01\src\main\resources
2025-08-16 12:13:30,807 [Worker-38: Building] INFO  o.a.m.s.f.DefaultMavenResourcesFiltering - skip non existing resourceDirectory C:\Users\VISHNU VARDHAN\Wipro\Java_Selinium_01\src\test\resources
2025-08-16 12:15:09,097 [Worker-34: Building] INFO  o.a.m.s.f.DefaultMavenResourcesFiltering - skip non existing resourceDirectory C:\Users\VISHNU VARDHAN\Wipro\Java_Selinium_01\src\main\resources
2025-08-16 12:15:09,098 [Worker-34: Building] INFO  o.a.m.s.f.DefaultMavenResourcesFiltering - skip non existing resourceDirectory C:\Users\VISHNU VARDHAN\Wipro\Java_Selinium_01\src\test\resources
2025-08-16 12:17:55,082 [Worker-39: Building] INFO  o.a.m.s.f.DefaultMavenResourcesFiltering - skip non existing resourceDirectory C:\Users\VISHNU VARDHAN\Wipro\Java_Selinium_01\src\main\resources
2025-08-16 12:17:55,086 [Worker-39: Building] INFO  o.a.m.s.f.DefaultMavenResourcesFiltering - skip non existing resourceDirectory C:\Users\VISHNU VARDHAN\Wipro\Java_Selinium_01\src\test\resources
2025-08-16 12:18:44,306 [Worker-38: Download sources and javadoc] INFO  o.e.m.j.internal.DownloadSourcesJob - Downloaded sources for org.junit.jupiter:junit-jupiter-api:5.11.0
2025-08-16 12:18:44,659 [Worker-38: Download sources and javadoc] INFO  o.e.m.c.i.e.AbstractTransferListenerAdapter - Downloading https://repo.maven.apache.org/maven2/org/junit/jupiter/junit-jupiter-api/5.11.0/junit-jupiter-api-5.11.0-javadoc.jar
2025-08-16 12:18:44,779 [Worker-38: Download sources and javadoc] INFO  o.e.m.c.i.e.AbstractTransferListenerAdapter - Downloaded https://repo.maven.apache.org/maven2/org/junit/jupiter/junit-jupiter-api/5.11.0/junit-jupiter-api-5.11.0-javadoc.jar
2025-08-16 12:18:44,785 [Worker-38: Download sources and javadoc] INFO  o.e.m.j.internal.DownloadSourcesJob - Downloaded javadoc for org.junit.jupiter:junit-jupiter-api:5.11.0
2025-08-16 12:18:44,791 [Worker-38: Download sources and javadoc] INFO  o.e.m.j.internal.DownloadSourcesJob - Downloaded sources for org.opentest4j:opentest4j:1.3.0
2025-08-16 12:18:44,850 [Worker-38: Download sources and javadoc] INFO  o.e.m.c.i.e.AbstractTransferListenerAdapter - Downloading https://repo.maven.apache.org/maven2/org/opentest4j/opentest4j/1.3.0/opentest4j-1.3.0-javadoc.jar
2025-08-16 12:18:44,892 [Worker-38: Download sources and javadoc] INFO  o.e.m.c.i.e.AbstractTransferListenerAdapter - Downloaded https://repo.maven.apache.org/maven2/org/opentest4j/opentest4j/1.3.0/opentest4j-1.3.0-javadoc.jar
2025-08-16 12:18:44,897 [Worker-38: Download sources and javadoc] INFO  o.e.m.j.internal.DownloadSourcesJob - Downloaded javadoc for org.opentest4j:opentest4j:1.3.0
2025-08-16 12:18:44,903 [Worker-38: Download sources and javadoc] INFO  o.e.m.j.internal.DownloadSourcesJob - Downloaded sources for org.junit.platform:junit-platform-commons:1.11.0
2025-08-16 12:18:44,961 [Worker-38: Download sources and javadoc] INFO  o.e.m.c.i.e.AbstractTransferListenerAdapter - Downloading https://repo.maven.apache.org/maven2/org/junit/platform/junit-platform-commons/1.11.0/junit-platform-commons-1.11.0-javadoc.jar
2025-08-16 12:18:45,029 [Worker-38: Download sources and javadoc] INFO  o.e.m.c.i.e.AbstractTransferListenerAdapter - Downloaded https://repo.maven.apache.org/maven2/org/junit/platform/junit-platform-commons/1.11.0/junit-platform-commons-1.11.0-javadoc.jar
2025-08-16 12:18:45,033 [Worker-38: Download sources and javadoc] INFO  o.e.m.j.internal.DownloadSourcesJob - Downloaded javadoc for org.junit.platform:junit-platform-commons:1.11.0
2025-08-16 12:18:45,036 [Worker-38: Download sources and javadoc] INFO  o.e.m.j.internal.DownloadSourcesJob - Downloaded sources for org.apiguardian:apiguardian-api:1.1.2
2025-08-16 12:18:45,091 [Worker-38: Download sources and javadoc] INFO  o.e.m.c.i.e.AbstractTransferListenerAdapter - Downloading https://repo.maven.apache.org/maven2/org/apiguardian/apiguardian-api/1.1.2/apiguardian-api-1.1.2-javadoc.jar
2025-08-16 12:18:45,158 [Worker-38: Download sources and javadoc] INFO  o.e.m.c.i.e.AbstractTransferListenerAdapter - Downloaded https://repo.maven.apache.org/maven2/org/apiguardian/apiguardian-api/1.1.2/apiguardian-api-1.1.2-javadoc.jar
2025-08-16 12:18:45,162 [Worker-38: Download sources and javadoc] INFO  o.e.m.j.internal.DownloadSourcesJob - Downloaded javadoc for org.apiguardian:apiguardian-api:1.1.2
2025-08-16 12:18:45,166 [Worker-38: Download sources and javadoc] INFO  o.e.m.j.internal.DownloadSourcesJob - Downloaded sources for org.junit.jupiter:junit-jupiter-params:5.11.0
2025-08-16 12:18:45,436 [Worker-38: Download sources and javadoc] INFO  o.e.m.c.i.e.AbstractTransferListenerAdapter - Downloading https://repo.maven.apache.org/maven2/org/junit/jupiter/junit-jupiter-params/5.11.0/junit-jupiter-params-5.11.0-javadoc.jar
2025-08-16 12:18:45,491 [Worker-38: Download sources and javadoc] INFO  o.e.m.c.i.e.AbstractTransferListenerAdapter - Downloaded https://repo.maven.apache.org/maven2/org/junit/jupiter/junit-jupiter-params/5.11.0/junit-jupiter-params-5.11.0-javadoc.jar
2025-08-16 12:18:45,495 [Worker-38: Download sources and javadoc] INFO  o.e.m.j.internal.DownloadSourcesJob - Downloaded javadoc for org.junit.jupiter:junit-jupiter-params:5.11.0
2025-08-16 12:18:45,499 [Worker-38: Download sources and javadoc] INFO  o.e.m.j.internal.DownloadSourcesJob - Downloaded sources for org.seleniumhq.selenium:selenium-java:4.31.0
2025-08-16 12:18:45,554 [Worker-38: Download sources and javadoc] INFO  o.e.m.c.i.e.AbstractTransferListenerAdapter - Downloading https://repo.maven.apache.org/maven2/org/seleniumhq/selenium/selenium-java/4.31.0/selenium-java-4.31.0-javadoc.jar
2025-08-16 12:18:45,557 [Worker-38: Download sources and javadoc] INFO  o.e.m.c.i.e.AbstractTransferListenerAdapter - Downloaded https://repo.maven.apache.org/maven2/org/seleniumhq/selenium/selenium-java/4.31.0/selenium-java-4.31.0-javadoc.jar
2025-08-16 12:18:45,561 [Worker-38: Download sources and javadoc] INFO  o.e.m.j.internal.DownloadSourcesJob - Downloaded javadoc for org.seleniumhq.selenium:selenium-java:4.31.0
2025-08-16 12:18:45,565 [Worker-38: Download sources and javadoc] INFO  o.e.m.j.internal.DownloadSourcesJob - Downloaded sources for org.seleniumhq.selenium:selenium-api:4.31.0
2025-08-16 12:18:45,621 [Worker-38: Download sources and javadoc] INFO  o.e.m.c.i.e.AbstractTransferListenerAdapter - Downloading https://repo.maven.apache.org/maven2/org/seleniumhq/selenium/selenium-api/4.31.0/selenium-api-4.31.0-javadoc.jar
2025-08-16 12:18:45,781 [Worker-38: Download sources and javadoc] INFO  o.e.m.c.i.e.AbstractTransferListenerAdapter - Downloaded https://repo.maven.apache.org/maven2/org/seleniumhq/selenium/selenium-api/4.31.0/selenium-api-4.31.0-javadoc.jar
2025-08-16 12:18:45,784 [Worker-38: Download sources and javadoc] INFO  o.e.m.j.internal.DownloadSourcesJob - Downloaded javadoc for org.seleniumhq.selenium:selenium-api:4.31.0
2025-08-16 12:18:45,790 [Worker-38: Download sources and javadoc] INFO  o.e.m.j.internal.DownloadSourcesJob - Downloaded sources for org.jspecify:jspecify:1.0.0
2025-08-16 12:18:45,842 [Worker-38: Download sources and javadoc] INFO  o.e.m.c.i.e.AbstractTransferListenerAdapter - Downloading https://repo.maven.apache.org/maven2/org/jspecify/jspecify/1.0.0/jspecify-1.0.0-javadoc.jar
2025-08-16 12:18:45,867 [Worker-38: Download sources and javadoc] INFO  o.e.m.c.i.e.AbstractTransferListenerAdapter - Downloaded https://repo.maven.apache.org/maven2/org/jspecify/jspecify/1.0.0/jspecify-1.0.0-javadoc.jar
2025-08-16 12:18:45,870 [Worker-38: Download sources and javadoc] INFO  o.e.m.j.internal.DownloadSourcesJob - Downloaded javadoc for org.jspecify:jspecify:1.0.0
2025-08-16 12:18:45,874 [Worker-38: Download sources and javadoc] INFO  o.e.m.j.internal.DownloadSourcesJob - Downloaded sources for org.seleniumhq.selenium:selenium-chrome-driver:4.31.0
2025-08-16 12:18:45,928 [Worker-38: Download sources and javadoc] INFO  o.e.m.c.i.e.AbstractTransferListenerAdapter - Downloading https://repo.maven.apache.org/maven2/org/seleniumhq/selenium/selenium-chrome-driver/4.31.0/selenium-chrome-driver-4.31.0-javadoc.jar
2025-08-16 12:18:45,966 [Worker-38: Download sources and javadoc] INFO  o.e.m.c.i.e.AbstractTransferListenerAdapter - Downloaded https://repo.maven.apache.org/maven2/org/seleniumhq/selenium/selenium-chrome-driver/4.31.0/selenium-chrome-driver-4.31.0-javadoc.jar
2025-08-16 12:18:45,970 [Worker-38: Download sources and javadoc] INFO  o.e.m.j.internal.DownloadSourcesJob - Downloaded javadoc for org.seleniumhq.selenium:selenium-chrome-driver:4.31.0
2025-08-16 12:18:45,976 [Worker-38: Download sources and javadoc] INFO  o.e.m.j.internal.DownloadSourcesJob - Downloaded sources for com.google.auto.service:auto-service-annotations:1.1.1
2025-08-16 12:18:46,276 [Worker-38: Download sources and javadoc] INFO  o.e.m.c.i.e.AbstractTransferListenerAdapter - Downloading https://repo.maven.apache.org/maven2/com/google/auto/service/auto-service-annotations/1.1.1/auto-service-annotations-1.1.1-javadoc.jar
2025-08-16 12:18:46,344 [Worker-38: Download sources and javadoc] INFO  o.e.m.c.i.e.AbstractTransferListenerAdapter - Downloaded https://repo.maven.apache.org/maven2/com/google/auto/service/auto-service-annotations/1.1.1/auto-service-annotations-1.1.1-javadoc.jar
2025-08-16 12:18:46,346 [Worker-38: Download sources and javadoc] INFO  o.e.m.j.internal.DownloadSourcesJob - Downloaded javadoc for com.google.auto.service:auto-service-annotations:1.1.1
2025-08-16 12:18:46,352 [Worker-38: Download sources and javadoc] INFO  o.e.m.j.internal.DownloadSourcesJob - Downloaded sources for org.seleniumhq.selenium:selenium-chromium-driver:4.31.0
2025-08-16 12:18:46,632 [Worker-38: Download sources and javadoc] INFO  o.e.m.c.i.e.AbstractTransferListenerAdapter - Downloading https://repo.maven.apache.org/maven2/org/seleniumhq/selenium/selenium-chromium-driver/4.31.0/selenium-chromium-driver-4.31.0-javadoc.jar
2025-08-16 12:18:46,675 [Worker-38: Download sources and javadoc] INFO  o.e.m.c.i.e.AbstractTransferListenerAdapter - Downloaded https://repo.maven.apache.org/maven2/org/seleniumhq/selenium/selenium-chromium-driver/4.31.0/selenium-chromium-driver-4.31.0-javadoc.jar
2025-08-16 12:18:46,679 [Worker-38: Download sources and javadoc] INFO  o.e.m.j.internal.DownloadSourcesJob - Downloaded javadoc for org.seleniumhq.selenium:selenium-chromium-driver:4.31.0
2025-08-16 12:18:46,685 [Worker-38: Download sources and javadoc] INFO  o.e.m.j.internal.DownloadSourcesJob - Downloaded sources for org.seleniumhq.selenium:selenium-json:4.31.0
2025-08-16 12:18:46,950 [Worker-38: Download sources and javadoc] INFO  o.e.m.c.i.e.AbstractTransferListenerAdapter - Downloading https://repo.maven.apache.org/maven2/org/seleniumhq/selenium/selenium-json/4.31.0/selenium-json-4.31.0-javadoc.jar
2025-08-16 12:18:46,991 [Worker-38: Download sources and javadoc] INFO  o.e.m.c.i.e.AbstractTransferListenerAdapter - Downloaded https://repo.maven.apache.org/maven2/org/seleniumhq/selenium/selenium-json/4.31.0/selenium-json-4.31.0-javadoc.jar
2025-08-16 12:18:46,997 [Worker-38: Download sources and javadoc] INFO  o.e.m.j.internal.DownloadSourcesJob - Downloaded javadoc for org.seleniumhq.selenium:selenium-json:4.31.0
2025-08-16 12:18:47,004 [Worker-38: Download sources and javadoc] INFO  o.e.m.j.internal.DownloadSourcesJob - Downloaded sources for org.seleniumhq.selenium:selenium-manager:4.31.0
2025-08-16 12:18:47,068 [Worker-38: Download sources and javadoc] INFO  o.e.m.c.i.e.AbstractTransferListenerAdapter - Downloading https://repo.maven.apache.org/maven2/org/seleniumhq/selenium/selenium-manager/4.31.0/selenium-manager-4.31.0-javadoc.jar
2025-08-16 12:18:47,093 [Worker-38: Download sources and javadoc] INFO  o.e.m.c.i.e.AbstractTransferListenerAdapter - Downloaded https://repo.maven.apache.org/maven2/org/seleniumhq/selenium/selenium-manager/4.31.0/selenium-manager-4.31.0-javadoc.jar
2025-08-16 12:18:47,098 [Worker-38: Download sources and javadoc] INFO  o.e.m.j.internal.DownloadSourcesJob - Downloaded javadoc for org.seleniumhq.selenium:selenium-manager:4.31.0
2025-08-16 12:18:47,105 [Worker-38: Download sources and javadoc] INFO  o.e.m.j.internal.DownloadSourcesJob - Downloaded sources for org.seleniumhq.selenium:selenium-devtools-v133:4.31.0
2025-08-16 12:18:47,407 [Worker-38: Download sources and javadoc] INFO  o.e.m.c.i.e.AbstractTransferListenerAdapter - Downloading https://repo.maven.apache.org/maven2/org/seleniumhq/selenium/selenium-devtools-v133/4.31.0/selenium-devtools-v133-4.31.0-javadoc.jar
2025-08-16 12:18:48,703 [Worker-38: Download sources and javadoc] INFO  o.e.m.c.i.e.AbstractTransferListenerAdapter - Downloaded https://repo.maven.apache.org/maven2/org/seleniumhq/selenium/selenium-devtools-v133/4.31.0/selenium-devtools-v133-4.31.0-javadoc.jar
2025-08-16 12:18:48,706 [Worker-38: Download sources and javadoc] INFO  o.e.m.j.internal.DownloadSourcesJob - Downloaded javadoc for org.seleniumhq.selenium:selenium-devtools-v133:4.31.0
2025-08-16 12:18:48,710 [Worker-38: Download sources and javadoc] INFO  o.e.m.j.internal.DownloadSourcesJob - Downloaded sources for org.seleniumhq.selenium:selenium-devtools-v134:4.31.0
2025-08-16 12:18:48,762 [Worker-38: Download sources and javadoc] INFO  o.e.m.c.i.e.AbstractTransferListenerAdapter - Downloading https://repo.maven.apache.org/maven2/org/seleniumhq/selenium/selenium-devtools-v134/4.31.0/selenium-devtools-v134-4.31.0-javadoc.jar
2025-08-16 12:18:50,133 [Worker-38: Download sources and javadoc] INFO  o.e.m.c.i.e.AbstractTransferListenerAdapter - Downloaded https://repo.maven.apache.org/maven2/org/seleniumhq/selenium/selenium-devtools-v134/4.31.0/selenium-devtools-v134-4.31.0-javadoc.jar
2025-08-16 12:18:50,138 [Worker-38: Download sources and javadoc] INFO  o.e.m.j.internal.DownloadSourcesJob - Downloaded javadoc for org.seleniumhq.selenium:selenium-devtools-v134:4.31.0
2025-08-16 12:18:50,142 [Worker-38: Download sources and javadoc] INFO  o.e.m.j.internal.DownloadSourcesJob - Downloaded sources for org.seleniumhq.selenium:selenium-devtools-v135:4.31.0
2025-08-16 12:18:50,209 [Worker-38: Download sources and javadoc] INFO  o.e.m.c.i.e.AbstractTransferListenerAdapter - Downloading https://repo.maven.apache.org/maven2/org/seleniumhq/selenium/selenium-devtools-v135/4.31.0/selenium-devtools-v135-4.31.0-javadoc.jar
2025-08-16 12:18:51,582 [Worker-38: Download sources and javadoc] INFO  o.e.m.c.i.e.AbstractTransferListenerAdapter - Downloaded https://repo.maven.apache.org/maven2/org/seleniumhq/selenium/selenium-devtools-v135/4.31.0/selenium-devtools-v135-4.31.0-javadoc.jar
2025-08-16 12:18:51,586 [Worker-38: Download sources and javadoc] INFO  o.e.m.j.internal.DownloadSourcesJob - Downloaded javadoc for org.seleniumhq.selenium:selenium-devtools-v135:4.31.0
2025-08-16 12:18:51,589 [Worker-38: Download sources and javadoc] INFO  o.e.m.j.internal.DownloadSourcesJob - Downloaded sources for org.seleniumhq.selenium:selenium-edge-driver:4.31.0
2025-08-16 12:18:51,647 [Worker-38: Download sources and javadoc] INFO  o.e.m.c.i.e.AbstractTransferListenerAdapter - Downloading https://repo.maven.apache.org/maven2/org/seleniumhq/selenium/selenium-edge-driver/4.31.0/selenium-edge-driver-4.31.0-javadoc.jar
2025-08-16 12:18:51,682 [Worker-38: Download sources and javadoc] INFO  o.e.m.c.i.e.AbstractTransferListenerAdapter - Downloaded https://repo.maven.apache.org/maven2/org/seleniumhq/selenium/selenium-edge-driver/4.31.0/selenium-edge-driver-4.31.0-javadoc.jar
2025-08-16 12:18:51,684 [Worker-38: Download sources and javadoc] INFO  o.e.m.j.internal.DownloadSourcesJob - Downloaded javadoc for org.seleniumhq.selenium:selenium-edge-driver:4.31.0
2025-08-16 12:18:51,687 [Worker-38: Download sources and javadoc] INFO  o.e.m.j.internal.DownloadSourcesJob - Downloaded sources for org.seleniumhq.selenium:selenium-firefox-driver:4.31.0
2025-08-16 12:18:51,748 [Worker-38: Download sources and javadoc] INFO  o.e.m.c.i.e.AbstractTransferListenerAdapter - Downloading https://repo.maven.apache.org/maven2/org/seleniumhq/selenium/selenium-firefox-driver/4.31.0/selenium-firefox-driver-4.31.0-javadoc.jar
2025-08-16 12:18:51,790 [Worker-38: Download sources and javadoc] INFO  o.e.m.c.i.e.AbstractTransferListenerAdapter - Downloaded https://repo.maven.apache.org/maven2/org/seleniumhq/selenium/selenium-firefox-driver/4.31.0/selenium-firefox-driver-4.31.0-javadoc.jar
2025-08-16 12:18:51,792 [Worker-38: Download sources and javadoc] INFO  o.e.m.j.internal.DownloadSourcesJob - Downloaded javadoc for org.seleniumhq.selenium:selenium-firefox-driver:4.31.0
2025-08-16 12:18:51,795 [Worker-38: Download sources and javadoc] INFO  o.e.m.j.internal.DownloadSourcesJob - Downloaded sources for org.seleniumhq.selenium:selenium-http:4.31.0
2025-08-16 12:18:51,872 [Worker-38: Download sources and javadoc] INFO  o.e.m.c.i.e.AbstractTransferListenerAdapter - Downloading https://repo.maven.apache.org/maven2/org/seleniumhq/selenium/selenium-http/4.31.0/selenium-http-4.31.0-javadoc.jar
2025-08-16 12:18:51,939 [Worker-38: Download sources and javadoc] INFO  o.e.m.c.i.e.AbstractTransferListenerAdapter - Downloaded https://repo.maven.apache.org/maven2/org/seleniumhq/selenium/selenium-http/4.31.0/selenium-http-4.31.0-javadoc.jar
2025-08-16 12:18:51,942 [Worker-38: Download sources and javadoc] INFO  o.e.m.j.internal.DownloadSourcesJob - Downloaded javadoc for org.seleniumhq.selenium:selenium-http:4.31.0
2025-08-16 12:18:51,946 [Worker-38: Download sources and javadoc] INFO  o.e.m.j.internal.DownloadSourcesJob - Downloaded sources for org.seleniumhq.selenium:selenium-ie-driver:4.31.0
2025-08-16 12:18:52,034 [Worker-38: Download sources and javadoc] INFO  o.e.m.c.i.e.AbstractTransferListenerAdapter - Downloading https://repo.maven.apache.org/maven2/org/seleniumhq/selenium/selenium-ie-driver/4.31.0/selenium-ie-driver-4.31.0-javadoc.jar
2025-08-16 12:18:52,076 [Worker-38: Download sources and javadoc] INFO  o.e.m.c.i.e.AbstractTransferListenerAdapter - Downloaded https://repo.maven.apache.org/maven2/org/seleniumhq/selenium/selenium-ie-driver/4.31.0/selenium-ie-driver-4.31.0-javadoc.jar
2025-08-16 12:18:52,080 [Worker-38: Download sources and javadoc] INFO  o.e.m.j.internal.DownloadSourcesJob - Downloaded javadoc for org.seleniumhq.selenium:selenium-ie-driver:4.31.0
2025-08-16 12:18:52,084 [Worker-38: Download sources and javadoc] INFO  o.e.m.j.internal.DownloadSourcesJob - Downloaded sources for org.seleniumhq.selenium:selenium-remote-driver:4.31.0
2025-08-16 12:18:52,174 [Worker-38: Download sources and javadoc] INFO  o.e.m.c.i.e.AbstractTransferListenerAdapter - Downloading https://repo.maven.apache.org/maven2/org/seleniumhq/selenium/selenium-remote-driver/4.31.0/selenium-remote-driver-4.31.0-javadoc.jar
2025-08-16 12:18:52,486 [Worker-38: Download sources and javadoc] INFO  o.e.m.c.i.e.AbstractTransferListenerAdapter - Downloaded https://repo.maven.apache.org/maven2/org/seleniumhq/selenium/selenium-remote-driver/4.31.0/selenium-remote-driver-4.31.0-javadoc.jar
2025-08-16 12:18:52,489 [Worker-38: Download sources and javadoc] INFO  o.e.m.j.internal.DownloadSourcesJob - Downloaded javadoc for org.seleniumhq.selenium:selenium-remote-driver:4.31.0
2025-08-16 12:18:52,493 [Worker-38: Download sources and javadoc] INFO  o.e.m.j.internal.DownloadSourcesJob - Downloaded sources for com.google.guava:guava:33.4.6-jre
2025-08-16 12:18:52,549 [Worker-38: Download sources and javadoc] INFO  o.e.m.c.i.e.AbstractTransferListenerAdapter - Downloading https://repo.maven.apache.org/maven2/com/google/guava/guava/33.4.6-jre/guava-33.4.6-jre-javadoc.jar
2025-08-16 12:18:54,539 [Worker-38: Download sources and javadoc] INFO  o.e.m.c.i.e.AbstractTransferListenerAdapter - Downloaded https://repo.maven.apache.org/maven2/com/google/guava/guava/33.4.6-jre/guava-33.4.6-jre-javadoc.jar
2025-08-16 12:18:54,542 [Worker-38: Download sources and javadoc] INFO  o.e.m.j.internal.DownloadSourcesJob - Downloaded javadoc for com.google.guava:guava:33.4.6-jre
2025-08-16 12:18:54,547 [Worker-38: Download sources and javadoc] INFO  o.e.m.j.internal.DownloadSourcesJob - Downloaded sources for com.google.guava:failureaccess:1.0.3
2025-08-16 12:18:54,601 [Worker-38: Download sources and javadoc] INFO  o.e.m.c.i.e.AbstractTransferListenerAdapter - Downloading https://repo.maven.apache.org/maven2/com/google/guava/failureaccess/1.0.3/failureaccess-1.0.3-javadoc.jar
2025-08-16 12:18:54,655 [Worker-38: Download sources and javadoc] INFO  o.e.m.c.i.e.AbstractTransferListenerAdapter - Downloaded https://repo.maven.apache.org/maven2/com/google/guava/failureaccess/1.0.3/failureaccess-1.0.3-javadoc.jar
2025-08-16 12:18:54,658 [Worker-38: Download sources and javadoc] INFO  o.e.m.j.internal.DownloadSourcesJob - Downloaded javadoc for com.google.guava:failureaccess:1.0.3
2025-08-16 12:18:54,661 [Worker-38: Download sources and javadoc] INFO  o.e.m.j.internal.DownloadSourcesJob - Downloaded sources for com.google.j2objc:j2objc-annotations:3.0.0
2025-08-16 12:18:54,731 [Worker-38: Download sources and javadoc] INFO  o.e.m.c.i.e.AbstractTransferListenerAdapter - Downloading https://repo.maven.apache.org/maven2/com/google/j2objc/j2objc-annotations/3.0.0/j2objc-annotations-3.0.0-javadoc.jar
2025-08-16 12:18:54,790 [Worker-38: Download sources and javadoc] INFO  o.e.m.c.i.e.AbstractTransferListenerAdapter - Downloaded https://repo.maven.apache.org/maven2/com/google/j2objc/j2objc-annotations/3.0.0/j2objc-annotations-3.0.0-javadoc.jar
2025-08-16 12:18:54,793 [Worker-38: Download sources and javadoc] INFO  o.e.m.j.internal.DownloadSourcesJob - Downloaded javadoc for com.google.j2objc:j2objc-annotations:3.0.0
2025-08-16 12:18:54,827 [Worker-38: Download sources and javadoc] INFO  o.e.m.j.internal.DownloadSourcesJob - Downloaded sources for io.opentelemetry:opentelemetry-api:1.48.0
2025-08-16 12:18:54,882 [Worker-38: Download sources and javadoc] INFO  o.e.m.c.i.e.AbstractTransferListenerAdapter - Downloading https://repo.maven.apache.org/maven2/io/opentelemetry/opentelemetry-api/1.48.0/opentelemetry-api-1.48.0-javadoc.jar
2025-08-16 12:18:54,933 [Worker-38: Download sources and javadoc] INFO  o.e.m.c.i.e.AbstractTransferListenerAdapter - Downloaded https://repo.maven.apache.org/maven2/io/opentelemetry/opentelemetry-api/1.48.0/opentelemetry-api-1.48.0-javadoc.jar
2025-08-16 12:18:54,936 [Worker-38: Download sources and javadoc] INFO  o.e.m.j.internal.DownloadSourcesJob - Downloaded javadoc for io.opentelemetry:opentelemetry-api:1.48.0
2025-08-16 12:18:54,940 [Worker-38: Download sources and javadoc] INFO  o.e.m.j.internal.DownloadSourcesJob - Downloaded sources for io.opentelemetry:opentelemetry-context:1.48.0
2025-08-16 12:18:55,003 [Worker-38: Download sources and javadoc] INFO  o.e.m.c.i.e.AbstractTransferListenerAdapter - Downloading https://repo.maven.apache.org/maven2/io/opentelemetry/opentelemetry-context/1.48.0/opentelemetry-context-1.48.0-javadoc.jar
2025-08-16 12:18:55,051 [Worker-38: Download sources and javadoc] INFO  o.e.m.c.i.e.AbstractTransferListenerAdapter - Downloaded https://repo.maven.apache.org/maven2/io/opentelemetry/opentelemetry-context/1.48.0/opentelemetry-context-1.48.0-javadoc.jar
2025-08-16 12:18:55,054 [Worker-38: Download sources and javadoc] INFO  o.e.m.j.internal.DownloadSourcesJob - Downloaded javadoc for io.opentelemetry:opentelemetry-context:1.48.0
2025-08-16 12:18:55,058 [Worker-38: Download sources and javadoc] INFO  o.e.m.j.internal.DownloadSourcesJob - Downloaded sources for io.opentelemetry:opentelemetry-exporter-logging:1.48.0
2025-08-16 12:18:55,345 [Worker-38: Download sources and javadoc] INFO  o.e.m.c.i.e.AbstractTransferListenerAdapter - Downloading https://repo.maven.apache.org/maven2/io/opentelemetry/opentelemetry-exporter-logging/1.48.0/opentelemetry-exporter-logging-1.48.0-javadoc.jar
2025-08-16 12:18:55,367 [Worker-38: Download sources and javadoc] INFO  o.e.m.c.i.e.AbstractTransferListenerAdapter - Downloaded https://repo.maven.apache.org/maven2/io/opentelemetry/opentelemetry-exporter-logging/1.48.0/opentelemetry-exporter-logging-1.48.0-javadoc.jar
2025-08-16 12:18:55,370 [Worker-38: Download sources and javadoc] INFO  o.e.m.j.internal.DownloadSourcesJob - Downloaded javadoc for io.opentelemetry:opentelemetry-exporter-logging:1.48.0
2025-08-16 12:18:55,374 [Worker-38: Download sources and javadoc] INFO  o.e.m.j.internal.DownloadSourcesJob - Downloaded sources for io.opentelemetry:opentelemetry-sdk-common:1.48.0
2025-08-16 12:18:55,431 [Worker-38: Download sources and javadoc] INFO  o.e.m.c.i.e.AbstractTransferListenerAdapter - Downloading https://repo.maven.apache.org/maven2/io/opentelemetry/opentelemetry-sdk-common/1.48.0/opentelemetry-sdk-common-1.48.0-javadoc.jar
2025-08-16 12:18:55,475 [Worker-38: Download sources and javadoc] INFO  o.e.m.c.i.e.AbstractTransferListenerAdapter - Downloaded https://repo.maven.apache.org/maven2/io/opentelemetry/opentelemetry-sdk-common/1.48.0/opentelemetry-sdk-common-1.48.0-javadoc.jar
2025-08-16 12:18:55,478 [Worker-38: Download sources and javadoc] INFO  o.e.m.j.internal.DownloadSourcesJob - Downloaded javadoc for io.opentelemetry:opentelemetry-sdk-common:1.48.0
2025-08-16 12:18:55,483 [Worker-38: Download sources and javadoc] INFO  o.e.m.j.internal.DownloadSourcesJob - Downloaded sources for io.opentelemetry:opentelemetry-sdk-extension-autoconfigure-spi:1.48.0
2025-08-16 12:18:55,552 [Worker-38: Download sources and javadoc] INFO  o.e.m.c.i.e.AbstractTransferListenerAdapter - Downloading https://repo.maven.apache.org/maven2/io/opentelemetry/opentelemetry-sdk-extension-autoconfigure-spi/1.48.0/opentelemetry-sdk-extension-autoconfigure-spi-1.48.0-javadoc.jar
2025-08-16 12:18:55,588 [Worker-38: Download sources and javadoc] INFO  o.e.m.c.i.e.AbstractTransferListenerAdapter - Downloaded https://repo.maven.apache.org/maven2/io/opentelemetry/opentelemetry-sdk-extension-autoconfigure-spi/1.48.0/opentelemetry-sdk-extension-autoconfigure-spi-1.48.0-javadoc.jar
2025-08-16 12:18:55,591 [Worker-38: Download sources and javadoc] INFO  o.e.m.j.internal.DownloadSourcesJob - Downloaded javadoc for io.opentelemetry:opentelemetry-sdk-extension-autoconfigure-spi:1.48.0
2025-08-16 12:18:55,596 [Worker-38: Download sources and javadoc] INFO  o.e.m.j.internal.DownloadSourcesJob - Downloaded sources for io.opentelemetry:opentelemetry-sdk-extension-autoconfigure:1.48.0
2025-08-16 12:18:55,654 [Worker-38: Download sources and javadoc] INFO  o.e.m.c.i.e.AbstractTransferListenerAdapter - Downloading https://repo.maven.apache.org/maven2/io/opentelemetry/opentelemetry-sdk-extension-autoconfigure/1.48.0/opentelemetry-sdk-extension-autoconfigure-1.48.0-javadoc.jar
2025-08-16 12:18:55,679 [Worker-38: Download sources and javadoc] INFO  o.e.m.c.i.e.AbstractTransferListenerAdapter - Downloaded https://repo.maven.apache.org/maven2/io/opentelemetry/opentelemetry-sdk-extension-autoconfigure/1.48.0/opentelemetry-sdk-extension-autoconfigure-1.48.0-javadoc.jar
2025-08-16 12:18:55,682 [Worker-38: Download sources and javadoc] INFO  o.e.m.j.internal.DownloadSourcesJob - Downloaded javadoc for io.opentelemetry:opentelemetry-sdk-extension-autoconfigure:1.48.0
2025-08-16 12:18:55,686 [Worker-38: Download sources and javadoc] INFO  o.e.m.j.internal.DownloadSourcesJob - Downloaded sources for io.opentelemetry:opentelemetry-sdk-trace:1.48.0
2025-08-16 12:18:55,748 [Worker-38: Download sources and javadoc] INFO  o.e.m.c.i.e.AbstractTransferListenerAdapter - Downloading https://repo.maven.apache.org/maven2/io/opentelemetry/opentelemetry-sdk-trace/1.48.0/opentelemetry-sdk-trace-1.48.0-javadoc.jar
2025-08-16 12:18:55,792 [Worker-38: Download sources and javadoc] INFO  o.e.m.c.i.e.AbstractTransferListenerAdapter - Downloaded https://repo.maven.apache.org/maven2/io/opentelemetry/opentelemetry-sdk-trace/1.48.0/opentelemetry-sdk-trace-1.48.0-javadoc.jar
2025-08-16 12:18:55,795 [Worker-38: Download sources and javadoc] INFO  o.e.m.j.internal.DownloadSourcesJob - Downloaded javadoc for io.opentelemetry:opentelemetry-sdk-trace:1.48.0
2025-08-16 12:18:55,798 [Worker-38: Download sources and javadoc] INFO  o.e.m.j.internal.DownloadSourcesJob - Downloaded sources for io.opentelemetry:opentelemetry-sdk:1.48.0
2025-08-16 12:18:55,872 [Worker-38: Download sources and javadoc] INFO  o.e.m.c.i.e.AbstractTransferListenerAdapter - Downloading https://repo.maven.apache.org/maven2/io/opentelemetry/opentelemetry-sdk/1.48.0/opentelemetry-sdk-1.48.0-javadoc.jar
2025-08-16 12:18:55,895 [Worker-38: Download sources and javadoc] INFO  o.e.m.c.i.e.AbstractTransferListenerAdapter - Downloaded https://repo.maven.apache.org/maven2/io/opentelemetry/opentelemetry-sdk/1.48.0/opentelemetry-sdk-1.48.0-javadoc.jar
2025-08-16 12:18:55,898 [Worker-38: Download sources and javadoc] INFO  o.e.m.j.internal.DownloadSourcesJob - Downloaded javadoc for io.opentelemetry:opentelemetry-sdk:1.48.0
2025-08-16 12:18:55,906 [Worker-38: Download sources and javadoc] INFO  o.e.m.j.internal.DownloadSourcesJob - Downloaded sources for io.opentelemetry:opentelemetry-sdk-metrics:1.48.0
2025-08-16 12:18:55,968 [Worker-38: Download sources and javadoc] INFO  o.e.m.c.i.e.AbstractTransferListenerAdapter - Downloading https://repo.maven.apache.org/maven2/io/opentelemetry/opentelemetry-sdk-metrics/1.48.0/opentelemetry-sdk-metrics-1.48.0-javadoc.jar
2025-08-16 12:18:56,023 [Worker-38: Download sources and javadoc] INFO  o.e.m.c.i.e.AbstractTransferListenerAdapter - Downloaded https://repo.maven.apache.org/maven2/io/opentelemetry/opentelemetry-sdk-metrics/1.48.0/opentelemetry-sdk-metrics-1.48.0-javadoc.jar
2025-08-16 12:18:56,025 [Worker-38: Download sources and javadoc] INFO  o.e.m.j.internal.DownloadSourcesJob - Downloaded javadoc for io.opentelemetry:opentelemetry-sdk-metrics:1.48.0
2025-08-16 12:18:56,029 [Worker-38: Download sources and javadoc] INFO  o.e.m.j.internal.DownloadSourcesJob - Downloaded sources for io.opentelemetry:opentelemetry-sdk-logs:1.48.0
2025-08-16 12:18:56,338 [Worker-38: Download sources and javadoc] INFO  o.e.m.c.i.e.AbstractTransferListenerAdapter - Downloading https://repo.maven.apache.org/maven2/io/opentelemetry/opentelemetry-sdk-logs/1.48.0/opentelemetry-sdk-logs-1.48.0-javadoc.jar
2025-08-16 12:18:56,379 [Worker-38: Download sources and javadoc] INFO  o.e.m.c.i.e.AbstractTransferListenerAdapter - Downloaded https://repo.maven.apache.org/maven2/io/opentelemetry/opentelemetry-sdk-logs/1.48.0/opentelemetry-sdk-logs-1.48.0-javadoc.jar
2025-08-16 12:18:56,382 [Worker-38: Download sources and javadoc] INFO  o.e.m.j.internal.DownloadSourcesJob - Downloaded javadoc for io.opentelemetry:opentelemetry-sdk-logs:1.48.0
2025-08-16 12:18:56,386 [Worker-38: Download sources and javadoc] INFO  o.e.m.j.internal.DownloadSourcesJob - Downloaded sources for net.bytebuddy:byte-buddy:1.17.5
2025-08-16 12:18:56,444 [Worker-38: Download sources and javadoc] INFO  o.e.m.c.i.e.AbstractTransferListenerAdapter - Downloading https://repo.maven.apache.org/maven2/net/bytebuddy/byte-buddy/1.17.5/byte-buddy-1.17.5-javadoc.jar
2025-08-16 12:19:00,736 [Worker-38: Download sources and javadoc] INFO  o.e.m.c.i.e.AbstractTransferListenerAdapter - Downloaded https://repo.maven.apache.org/maven2/net/bytebuddy/byte-buddy/1.17.5/byte-buddy-1.17.5-javadoc.jar
2025-08-16 12:19:00,740 [Worker-38: Download sources and javadoc] INFO  o.e.m.j.internal.DownloadSourcesJob - Downloaded javadoc for net.bytebuddy:byte-buddy:1.17.5
2025-08-16 12:19:00,939 [Worker-38: Download sources and javadoc] INFO  o.e.m.j.internal.DownloadSourcesJob - Downloaded sources for org.seleniumhq.selenium:selenium-os:4.31.0
2025-08-16 12:19:01,326 [Worker-38: Download sources and javadoc] INFO  o.e.m.c.i.e.AbstractTransferListenerAdapter - Downloading https://repo.maven.apache.org/maven2/org/seleniumhq/selenium/selenium-os/4.31.0/selenium-os-4.31.0-javadoc.jar
2025-08-16 12:19:01,362 [Worker-38: Download sources and javadoc] INFO  o.e.m.c.i.e.AbstractTransferListenerAdapter - Downloaded https://repo.maven.apache.org/maven2/org/seleniumhq/selenium/selenium-os/4.31.0/selenium-os-4.31.0-javadoc.jar
2025-08-16 12:19:01,365 [Worker-38: Download sources and javadoc] INFO  o.e.m.j.internal.DownloadSourcesJob - Downloaded javadoc for org.seleniumhq.selenium:selenium-os:4.31.0
2025-08-16 12:19:01,368 [Worker-38: Download sources and javadoc] INFO  o.e.m.j.internal.DownloadSourcesJob - Downloaded sources for org.apache.commons:commons-exec:1.4.0
2025-08-16 12:19:01,431 [Worker-38: Download sources and javadoc] INFO  o.e.m.c.i.e.AbstractTransferListenerAdapter - Downloading https://repo.maven.apache.org/maven2/org/apache/commons/commons-exec/1.4.0/commons-exec-1.4.0-javadoc.jar
2025-08-16 12:19:01,497 [Worker-38: Download sources and javadoc] INFO  o.e.m.c.i.e.AbstractTransferListenerAdapter - Downloaded https://repo.maven.apache.org/maven2/org/apache/commons/commons-exec/1.4.0/commons-exec-1.4.0-javadoc.jar
2025-08-16 12:19:01,500 [Worker-38: Download sources and javadoc] INFO  o.e.m.j.internal.DownloadSourcesJob - Downloaded javadoc for org.apache.commons:commons-exec:1.4.0
2025-08-16 12:19:01,504 [Worker-38: Download sources and javadoc] INFO  o.e.m.j.internal.DownloadSourcesJob - Downloaded sources for org.seleniumhq.selenium:selenium-safari-driver:4.31.0
2025-08-16 12:19:01,566 [Worker-38: Download sources and javadoc] INFO  o.e.m.c.i.e.AbstractTransferListenerAdapter - Downloading https://repo.maven.apache.org/maven2/org/seleniumhq/selenium/selenium-safari-driver/4.31.0/selenium-safari-driver-4.31.0-javadoc.jar
2025-08-16 12:19:01,606 [Worker-38: Download sources and javadoc] INFO  o.e.m.c.i.e.AbstractTransferListenerAdapter - Downloaded https://repo.maven.apache.org/maven2/org/seleniumhq/selenium/selenium-safari-driver/4.31.0/selenium-safari-driver-4.31.0-javadoc.jar
2025-08-16 12:19:01,611 [Worker-38: Download sources and javadoc] INFO  o.e.m.j.internal.DownloadSourcesJob - Downloaded javadoc for org.seleniumhq.selenium:selenium-safari-driver:4.31.0
2025-08-16 12:19:01,615 [Worker-38: Download sources and javadoc] INFO  o.e.m.j.internal.DownloadSourcesJob - Downloaded sources for org.seleniumhq.selenium:selenium-support:4.31.0
2025-08-16 12:19:01,672 [Worker-38: Download sources and javadoc] INFO  o.e.m.c.i.e.AbstractTransferListenerAdapter - Downloading https://repo.maven.apache.org/maven2/org/seleniumhq/selenium/selenium-support/4.31.0/selenium-support-4.31.0-javadoc.jar
2025-08-16 12:19:01,732 [Worker-38: Download sources and javadoc] INFO  o.e.m.c.i.e.AbstractTransferListenerAdapter - Downloaded https://repo.maven.apache.org/maven2/org/seleniumhq/selenium/selenium-support/4.31.0/selenium-support-4.31.0-javadoc.jar
2025-08-16 12:19:01,735 [Worker-38: Download sources and javadoc] INFO  o.e.m.j.internal.DownloadSourcesJob - Downloaded javadoc for org.seleniumhq.selenium:selenium-support:4.31.0
2025-08-16 12:19:01,738 [Worker-38: Download sources and javadoc] INFO  o.e.m.j.internal.DownloadSourcesJob - Downloaded sources for org.testng:testng:7.8.0
2025-08-16 12:19:01,813 [Worker-38: Download sources and javadoc] INFO  o.e.m.c.i.e.AbstractTransferListenerAdapter - Downloading https://repo.maven.apache.org/maven2/org/testng/testng/7.8.0/testng-7.8.0-javadoc.jar
2025-08-16 12:19:02,047 [Worker-38: Download sources and javadoc] INFO  o.e.m.c.i.e.AbstractTransferListenerAdapter - Downloaded https://repo.maven.apache.org/maven2/org/testng/testng/7.8.0/testng-7.8.0-javadoc.jar
2025-08-16 12:19:02,049 [Worker-38: Download sources and javadoc] INFO  o.e.m.j.internal.DownloadSourcesJob - Downloaded javadoc for org.testng:testng:7.8.0
2025-08-16 12:19:02,053 [Worker-38: Download sources and javadoc] INFO  o.e.m.j.internal.DownloadSourcesJob - Downloaded sources for org.slf4j:slf4j-api:1.7.36
2025-08-16 12:19:02,106 [Worker-38: Download sources and javadoc] INFO  o.e.m.c.i.e.AbstractTransferListenerAdapter - Downloading https://repo.maven.apache.org/maven2/org/slf4j/slf4j-api/1.7.36/slf4j-api-1.7.36-javadoc.jar
2025-08-16 12:19:02,151 [Worker-38: Download sources and javadoc] INFO  o.e.m.c.i.e.AbstractTransferListenerAdapter - Downloaded https://repo.maven.apache.org/maven2/org/slf4j/slf4j-api/1.7.36/slf4j-api-1.7.36-javadoc.jar
2025-08-16 12:19:02,153 [Worker-38: Download sources and javadoc] INFO  o.e.m.j.internal.DownloadSourcesJob - Downloaded javadoc for org.slf4j:slf4j-api:1.7.36
2025-08-16 12:19:02,156 [Worker-38: Download sources and javadoc] INFO  o.e.m.j.internal.DownloadSourcesJob - Downloaded sources for com.beust:jcommander:1.82
2025-08-16 12:19:02,211 [Worker-38: Download sources and javadoc] INFO  o.e.m.c.i.e.AbstractTransferListenerAdapter - Downloading https://repo.maven.apache.org/maven2/com/beust/jcommander/1.82/jcommander-1.82-javadoc.jar
2025-08-16 12:19:02,287 [Worker-38: Download sources and javadoc] INFO  o.e.m.c.i.e.AbstractTransferListenerAdapter - Downloaded https://repo.maven.apache.org/maven2/com/beust/jcommander/1.82/jcommander-1.82-javadoc.jar
2025-08-16 12:19:02,289 [Worker-38: Download sources and javadoc] INFO  o.e.m.j.internal.DownloadSourcesJob - Downloaded javadoc for com.beust:jcommander:1.82
2025-08-16 12:19:02,293 [Worker-38: Download sources and javadoc] INFO  o.e.m.j.internal.DownloadSourcesJob - Downloaded sources for org.webjars:jquery:3.6.1
2025-08-16 12:19:02,603 [Worker-38: Download sources and javadoc] INFO  o.e.m.c.i.e.AbstractTransferListenerAdapter - Downloaded https://repo.maven.apache.org/maven2/org/webjars/jquery/3.6.1/jquery-3.6.1-javadoc.jar
2025-08-16 12:19:02,605 [Worker-38: Download sources and javadoc] ERROR o.e.m.j.internal.DownloadSourcesJob - Could not download javadoc for org.webjars:jquery:3.6.1
org.eclipse.core.runtime.CoreException: Could not resolve artifact org.webjars:jquery:jar:javadoc:3.6.1
	at org.eclipse.m2e.core.internal.embedder.MavenImpl.lambda$7(MavenImpl.java:540)
	at org.eclipse.m2e.core.internal.embedder.MavenExecutionContext.executeBare(MavenExecutionContext.java:458)
	at org.eclipse.m2e.core.internal.embedder.MavenExecutionContext.execute(MavenExecutionContext.java:292)
	at org.eclipse.m2e.core.internal.embedder.MavenExecutionContext.execute(MavenExecutionContext.java:278)
	at org.eclipse.m2e.core.internal.embedder.MavenImpl.resolve(MavenImpl.java:509)
	at org.eclipse.m2e.core.internal.embedder.MavenImpl.resolve(MavenImpl.java:494)
	at org.eclipse.m2e.jdt.internal.DownloadSourcesJob.download(DownloadSourcesJob.java:308)
	at org.eclipse.m2e.jdt.internal.DownloadSourcesJob.downloadAttachments(DownloadSourcesJob.java:294)
	at org.eclipse.m2e.jdt.internal.DownloadSourcesJob.downloadMaven(DownloadSourcesJob.java:252)
	at org.eclipse.m2e.jdt.internal.DownloadSourcesJob.downloadFilesAndPopulateToUpdate(DownloadSourcesJob.java:220)
	at org.eclipse.m2e.jdt.internal.DownloadSourcesJob.lambda$0(DownloadSourcesJob.java:149)
	at org.eclipse.m2e.core.internal.embedder.MavenExecutionContext.executeBare(MavenExecutionContext.java:458)
	at org.eclipse.m2e.core.internal.embedder.MavenExecutionContext.execute(MavenExecutionContext.java:339)
	at org.eclipse.m2e.core.internal.embedder.MavenExecutionContext.execute(MavenExecutionContext.java:278)
	at org.eclipse.m2e.core.embedder.IMaven.execute(IMaven.java:300)
	at org.eclipse.m2e.jdt.internal.DownloadSourcesJob.run(DownloadSourcesJob.java:149)
	at org.eclipse.core.internal.jobs.Worker.run(Worker.java:63)
2025-08-16 12:19:02,629 [Worker-38: Download sources and javadoc] INFO  o.e.m.j.internal.DownloadSourcesJob - Downloaded sources for io.github.bonigarcia:webdrivermanager:6.0.1
2025-08-16 12:19:02,692 [Worker-38: Download sources and javadoc] INFO  o.e.m.c.i.e.AbstractTransferListenerAdapter - Downloading https://repo.maven.apache.org/maven2/io/github/bonigarcia/webdrivermanager/6.0.1/webdrivermanager-6.0.1-javadoc.jar
2025-08-16 12:19:02,768 [Worker-38: Download sources and javadoc] INFO  o.e.m.c.i.e.AbstractTransferListenerAdapter - Downloaded https://repo.maven.apache.org/maven2/io/github/bonigarcia/webdrivermanager/6.0.1/webdrivermanager-6.0.1-javadoc.jar
2025-08-16 12:19:02,771 [Worker-38: Download sources and javadoc] INFO  o.e.m.j.internal.DownloadSourcesJob - Downloaded javadoc for io.github.bonigarcia:webdrivermanager:6.0.1
2025-08-16 12:19:02,774 [Worker-38: Download sources and javadoc] INFO  o.e.m.j.internal.DownloadSourcesJob - Downloaded sources for com.google.code.gson:gson:2.12.1
2025-08-16 12:19:02,834 [Worker-38: Download sources and javadoc] INFO  o.e.m.c.i.e.AbstractTransferListenerAdapter - Downloading https://repo.maven.apache.org/maven2/com/google/code/gson/gson/2.12.1/gson-2.12.1-javadoc.jar
2025-08-16 12:19:02,921 [Worker-38: Download sources and javadoc] INFO  o.e.m.c.i.e.AbstractTransferListenerAdapter - Downloaded https://repo.maven.apache.org/maven2/com/google/code/gson/gson/2.12.1/gson-2.12.1-javadoc.jar
2025-08-16 12:19:02,925 [Worker-38: Download sources and javadoc] INFO  o.e.m.j.internal.DownloadSourcesJob - Downloaded javadoc for com.google.code.gson:gson:2.12.1
2025-08-16 12:19:02,931 [Worker-38: Download sources and javadoc] INFO  o.e.m.j.internal.DownloadSourcesJob - Downloaded sources for com.google.errorprone:error_prone_annotations:2.36.0
2025-08-16 12:19:02,990 [Worker-38: Download sources and javadoc] INFO  o.e.m.c.i.e.AbstractTransferListenerAdapter - Downloading https://repo.maven.apache.org/maven2/com/google/errorprone/error_prone_annotations/2.36.0/error_prone_annotations-2.36.0-javadoc.jar
2025-08-16 12:19:04,041 [Worker-38: Download sources and javadoc] INFO  o.e.m.c.i.e.AbstractTransferListenerAdapter - Downloaded https://repo.maven.apache.org/maven2/com/google/errorprone/error_prone_annotations/2.36.0/error_prone_annotations-2.36.0-javadoc.jar
2025-08-16 12:19:04,045 [Worker-38: Download sources and javadoc] INFO  o.e.m.j.internal.DownloadSourcesJob - Downloaded javadoc for com.google.errorprone:error_prone_annotations:2.36.0
2025-08-16 12:19:04,049 [Worker-38: Download sources and javadoc] INFO  o.e.m.j.internal.DownloadSourcesJob - Downloaded sources for com.github.docker-java:docker-java:3.5.0
2025-08-16 12:19:04,102 [Worker-38: Download sources and javadoc] INFO  o.e.m.c.i.e.AbstractTransferListenerAdapter - Downloading https://repo.maven.apache.org/maven2/com/github/docker-java/docker-java/3.5.0/docker-java-3.5.0-javadoc.jar
2025-08-16 12:19:04,106 [Worker-38: Download sources and javadoc] INFO  o.e.m.c.i.e.AbstractTransferListenerAdapter - Downloaded https://repo.maven.apache.org/maven2/com/github/docker-java/docker-java/3.5.0/docker-java-3.5.0-javadoc.jar
2025-08-16 12:19:04,108 [Worker-38: Download sources and javadoc] INFO  o.e.m.j.internal.DownloadSourcesJob - Downloaded javadoc for com.github.docker-java:docker-java:3.5.0
2025-08-16 12:19:04,113 [Worker-38: Download sources and javadoc] INFO  o.e.m.j.internal.DownloadSourcesJob - Downloaded sources for com.github.docker-java:docker-java-core:3.5.0
2025-08-16 12:19:04,572 [Worker-38: Download sources and javadoc] INFO  o.e.m.c.i.e.AbstractTransferListenerAdapter - Downloading https://repo.maven.apache.org/maven2/com/github/docker-java/docker-java-core/3.5.0/docker-java-core-3.5.0-javadoc.jar
2025-08-16 12:19:04,785 [Worker-38: Download sources and javadoc] INFO  o.e.m.c.i.e.AbstractTransferListenerAdapter - Downloaded https://repo.maven.apache.org/maven2/com/github/docker-java/docker-java-core/3.5.0/docker-java-core-3.5.0-javadoc.jar
2025-08-16 12:19:04,788 [Worker-38: Download sources and javadoc] INFO  o.e.m.j.internal.DownloadSourcesJob - Downloaded javadoc for com.github.docker-java:docker-java-core:3.5.0
2025-08-16 12:19:04,792 [Worker-38: Download sources and javadoc] INFO  o.e.m.j.internal.DownloadSourcesJob - Downloaded sources for com.github.docker-java:docker-java-api:3.5.0
2025-08-16 12:19:04,843 [Worker-38: Download sources and javadoc] INFO  o.e.m.c.i.e.AbstractTransferListenerAdapter - Downloading https://repo.maven.apache.org/maven2/com/github/docker-java/docker-java-api/3.5.0/docker-java-api-3.5.0-javadoc.jar
2025-08-16 12:19:05,330 [Worker-38: Download sources and javadoc] INFO  o.e.m.c.i.e.AbstractTransferListenerAdapter - Downloaded https://repo.maven.apache.org/maven2/com/github/docker-java/docker-java-api/3.5.0/docker-java-api-3.5.0-javadoc.jar
2025-08-16 12:19:05,332 [Worker-38: Download sources and javadoc] INFO  o.e.m.j.internal.DownloadSourcesJob - Downloaded javadoc for com.github.docker-java:docker-java-api:3.5.0
2025-08-16 12:19:05,335 [Worker-38: Download sources and javadoc] INFO  o.e.m.j.internal.DownloadSourcesJob - Downloaded sources for com.fasterxml.jackson.core:jackson-annotations:2.18.3
2025-08-16 12:19:05,388 [Worker-38: Download sources and javadoc] INFO  o.e.m.c.i.e.AbstractTransferListenerAdapter - Downloading https://repo.maven.apache.org/maven2/com/fasterxml/jackson/core/jackson-annotations/2.18.3/jackson-annotations-2.18.3-javadoc.jar
2025-08-16 12:19:05,455 [Worker-38: Download sources and javadoc] INFO  o.e.m.c.i.e.AbstractTransferListenerAdapter - Downloaded https://repo.maven.apache.org/maven2/com/fasterxml/jackson/core/jackson-annotations/2.18.3/jackson-annotations-2.18.3-javadoc.jar
2025-08-16 12:19:05,457 [Worker-38: Download sources and javadoc] INFO  o.e.m.j.internal.DownloadSourcesJob - Downloaded javadoc for com.fasterxml.jackson.core:jackson-annotations:2.18.3
2025-08-16 12:19:05,461 [Worker-38: Download sources and javadoc] INFO  o.e.m.j.internal.DownloadSourcesJob - Downloaded sources for com.fasterxml.jackson.core:jackson-databind:2.18.3
2025-08-16 12:19:05,510 [Worker-38: Download sources and javadoc] INFO  o.e.m.c.i.e.AbstractTransferListenerAdapter - Downloading https://repo.maven.apache.org/maven2/com/fasterxml/jackson/core/jackson-databind/2.18.3/jackson-databind-2.18.3-javadoc.jar
2025-08-16 12:19:07,013 [Worker-38: Download sources and javadoc] INFO  o.e.m.c.i.e.AbstractTransferListenerAdapter - Downloaded https://repo.maven.apache.org/maven2/com/fasterxml/jackson/core/jackson-databind/2.18.3/jackson-databind-2.18.3-javadoc.jar
2025-08-16 12:19:07,015 [Worker-38: Download sources and javadoc] INFO  o.e.m.j.internal.DownloadSourcesJob - Downloaded javadoc for com.fasterxml.jackson.core:jackson-databind:2.18.3
2025-08-16 12:19:07,019 [Worker-38: Download sources and javadoc] INFO  o.e.m.j.internal.DownloadSourcesJob - Downloaded sources for com.fasterxml.jackson.core:jackson-core:2.18.3
2025-08-16 12:19:07,088 [Worker-38: Download sources and javadoc] INFO  o.e.m.c.i.e.AbstractTransferListenerAdapter - Downloading https://repo.maven.apache.org/maven2/com/fasterxml/jackson/core/jackson-core/2.18.3/jackson-core-2.18.3-javadoc.jar
2025-08-16 12:19:07,469 [Worker-38: Download sources and javadoc] INFO  o.e.m.c.i.e.AbstractTransferListenerAdapter - Downloaded https://repo.maven.apache.org/maven2/com/fasterxml/jackson/core/jackson-core/2.18.3/jackson-core-2.18.3-javadoc.jar
2025-08-16 12:19:07,472 [Worker-38: Download sources and javadoc] INFO  o.e.m.j.internal.DownloadSourcesJob - Downloaded javadoc for com.fasterxml.jackson.core:jackson-core:2.18.3
2025-08-16 12:19:07,475 [Worker-38: Download sources and javadoc] INFO  o.e.m.j.internal.DownloadSourcesJob - Downloaded sources for org.slf4j:jcl-over-slf4j:1.7.30
2025-08-16 12:19:07,537 [Worker-38: Download sources and javadoc] INFO  o.e.m.c.i.e.AbstractTransferListenerAdapter - Downloading https://repo.maven.apache.org/maven2/org/slf4j/jcl-over-slf4j/1.7.30/jcl-over-slf4j-1.7.30-javadoc.jar
2025-08-16 12:19:07,568 [Worker-38: Download sources and javadoc] INFO  o.e.m.c.i.e.AbstractTransferListenerAdapter - Downloaded https://repo.maven.apache.org/maven2/org/slf4j/jcl-over-slf4j/1.7.30/jcl-over-slf4j-1.7.30-javadoc.jar
2025-08-16 12:19:07,572 [Worker-38: Download sources and javadoc] INFO  o.e.m.j.internal.DownloadSourcesJob - Downloaded javadoc for org.slf4j:jcl-over-slf4j:1.7.30
2025-08-16 12:19:07,577 [Worker-38: Download sources and javadoc] INFO  o.e.m.j.internal.DownloadSourcesJob - Downloaded sources for com.github.docker-java:docker-java-transport-httpclient5:3.5.0
2025-08-16 12:19:07,652 [Worker-38: Download sources and javadoc] INFO  o.e.m.c.i.e.AbstractTransferListenerAdapter - Downloading https://repo.maven.apache.org/maven2/com/github/docker-java/docker-java-transport-httpclient5/3.5.0/docker-java-transport-httpclient5-3.5.0-javadoc.jar
2025-08-16 12:19:07,659 [Worker-38: Download sources and javadoc] INFO  o.e.m.c.i.e.AbstractTransferListenerAdapter - Downloaded https://repo.maven.apache.org/maven2/com/github/docker-java/docker-java-transport-httpclient5/3.5.0/docker-java-transport-httpclient5-3.5.0-javadoc.jar
2025-08-16 12:19:07,663 [Worker-38: Download sources and javadoc] INFO  o.e.m.j.internal.DownloadSourcesJob - Downloaded javadoc for com.github.docker-java:docker-java-transport-httpclient5:3.5.0
2025-08-16 12:19:07,666 [Worker-38: Download sources and javadoc] INFO  o.e.m.j.internal.DownloadSourcesJob - Downloaded sources for com.github.docker-java:docker-java-transport:3.5.0
2025-08-16 12:19:07,983 [Worker-38: Download sources and javadoc] INFO  o.e.m.c.i.e.AbstractTransferListenerAdapter - Downloading https://repo.maven.apache.org/maven2/com/github/docker-java/docker-java-transport/3.5.0/docker-java-transport-3.5.0-javadoc.jar
2025-08-16 12:19:07,988 [Worker-38: Download sources and javadoc] INFO  o.e.m.c.i.e.AbstractTransferListenerAdapter - Downloaded https://repo.maven.apache.org/maven2/com/github/docker-java/docker-java-transport/3.5.0/docker-java-transport-3.5.0-javadoc.jar
2025-08-16 12:19:07,990 [Worker-38: Download sources and javadoc] INFO  o.e.m.j.internal.DownloadSourcesJob - Downloaded javadoc for com.github.docker-java:docker-java-transport:3.5.0
2025-08-16 12:19:07,994 [Worker-38: Download sources and javadoc] INFO  o.e.m.j.internal.DownloadSourcesJob - Downloaded sources for net.java.dev.jna:jna:5.17.0
2025-08-16 12:19:08,279 [Worker-38: Download sources and javadoc] INFO  o.e.m.c.i.e.AbstractTransferListenerAdapter - Downloading https://repo.maven.apache.org/maven2/net/java/dev/jna/jna/5.17.0/jna-5.17.0-javadoc.jar
2025-08-16 12:19:09,977 [Worker-38: Download sources and javadoc] INFO  o.e.m.c.i.e.AbstractTransferListenerAdapter - Downloaded https://repo.maven.apache.org/maven2/net/java/dev/jna/jna/5.17.0/jna-5.17.0-javadoc.jar
2025-08-16 12:19:09,980 [Worker-38: Download sources and javadoc] INFO  o.e.m.j.internal.DownloadSourcesJob - Downloaded javadoc for net.java.dev.jna:jna:5.17.0
2025-08-16 12:19:09,984 [Worker-38: Download sources and javadoc] INFO  o.e.m.j.internal.DownloadSourcesJob - Downloaded sources for org.brotli:dec:0.1.2
2025-08-16 12:19:10,050 [Worker-38: Download sources and javadoc] INFO  o.e.m.c.i.e.AbstractTransferListenerAdapter - Downloading https://repo.maven.apache.org/maven2/org/brotli/dec/0.1.2/dec-0.1.2-javadoc.jar
2025-08-16 12:19:10,056 [Worker-38: Download sources and javadoc] INFO  o.e.m.c.i.e.AbstractTransferListenerAdapter - Downloaded https://repo.maven.apache.org/maven2/org/brotli/dec/0.1.2/dec-0.1.2-javadoc.jar
2025-08-16 12:19:10,060 [Worker-38: Download sources and javadoc] INFO  o.e.m.j.internal.DownloadSourcesJob - Downloaded javadoc for org.brotli:dec:0.1.2
2025-08-16 12:19:10,064 [Worker-38: Download sources and javadoc] INFO  o.e.m.j.internal.DownloadSourcesJob - Downloaded sources for org.apache.commons:commons-lang3:3.17.0
2025-08-16 12:19:10,369 [Worker-38: Download sources and javadoc] INFO  o.e.m.c.i.e.AbstractTransferListenerAdapter - Downloading https://repo.maven.apache.org/maven2/org/apache/commons/commons-lang3/3.17.0/commons-lang3-3.17.0-javadoc.jar
2025-08-16 12:19:11,318 [Worker-38: Download sources and javadoc] INFO  o.e.m.c.i.e.AbstractTransferListenerAdapter - Downloaded https://repo.maven.apache.org/maven2/org/apache/commons/commons-lang3/3.17.0/commons-lang3-3.17.0-javadoc.jar
2025-08-16 12:19:11,322 [Worker-38: Download sources and javadoc] INFO  o.e.m.j.internal.DownloadSourcesJob - Downloaded javadoc for org.apache.commons:commons-lang3:3.17.0
2025-08-16 12:19:11,327 [Worker-38: Download sources and javadoc] INFO  o.e.m.j.internal.DownloadSourcesJob - Downloaded sources for org.apache.commons:commons-compress:1.27.1
2025-08-16 12:19:11,382 [Worker-38: Download sources and javadoc] INFO  o.e.m.c.i.e.AbstractTransferListenerAdapter - Downloading https://repo.maven.apache.org/maven2/org/apache/commons/commons-compress/1.27.1/commons-compress-1.27.1-javadoc.jar
2025-08-16 12:19:12,596 [Worker-38: Download sources and javadoc] INFO  o.e.m.c.i.e.AbstractTransferListenerAdapter - Downloaded https://repo.maven.apache.org/maven2/org/apache/commons/commons-compress/1.27.1/commons-compress-1.27.1-javadoc.jar
2025-08-16 12:19:12,599 [Worker-38: Download sources and javadoc] INFO  o.e.m.j.internal.DownloadSourcesJob - Downloaded javadoc for org.apache.commons:commons-compress:1.27.1
2025-08-16 12:19:12,602 [Worker-38: Download sources and javadoc] INFO  o.e.m.j.internal.DownloadSourcesJob - Downloaded sources for commons-codec:commons-codec:1.17.1
2025-08-16 12:19:12,654 [Worker-38: Download sources and javadoc] INFO  o.e.m.c.i.e.AbstractTransferListenerAdapter - Downloading https://repo.maven.apache.org/maven2/commons-codec/commons-codec/1.17.1/commons-codec-1.17.1-javadoc.jar
2025-08-16 12:19:12,896 [Worker-38: Download sources and javadoc] INFO  o.e.m.c.i.e.AbstractTransferListenerAdapter - Downloaded https://repo.maven.apache.org/maven2/commons-codec/commons-codec/1.17.1/commons-codec-1.17.1-javadoc.jar
2025-08-16 12:19:12,898 [Worker-38: Download sources and javadoc] INFO  o.e.m.j.internal.DownloadSourcesJob - Downloaded javadoc for commons-codec:commons-codec:1.17.1
2025-08-16 12:19:12,902 [Worker-38: Download sources and javadoc] INFO  o.e.m.j.internal.DownloadSourcesJob - Downloaded sources for commons-io:commons-io:2.16.1
2025-08-16 12:19:12,958 [Worker-38: Download sources and javadoc] INFO  o.e.m.c.i.e.AbstractTransferListenerAdapter - Downloading https://repo.maven.apache.org/maven2/commons-io/commons-io/2.16.1/commons-io-2.16.1-javadoc.jar
2025-08-16 12:19:13,731 [Worker-38: Download sources and javadoc] INFO  o.e.m.c.i.e.AbstractTransferListenerAdapter - Downloaded https://repo.maven.apache.org/maven2/commons-io/commons-io/2.16.1/commons-io-2.16.1-javadoc.jar
2025-08-16 12:19:13,733 [Worker-38: Download sources and javadoc] INFO  o.e.m.j.internal.DownloadSourcesJob - Downloaded javadoc for commons-io:commons-io:2.16.1
2025-08-16 12:19:13,738 [Worker-38: Download sources and javadoc] INFO  o.e.m.j.internal.DownloadSourcesJob - Downloaded sources for org.apache.httpcomponents.client5:httpclient5:5.4.3
2025-08-16 12:19:14,035 [Worker-38: Download sources and javadoc] INFO  o.e.m.c.i.e.AbstractTransferListenerAdapter - Downloading https://repo.maven.apache.org/maven2/org/apache/httpcomponents/client5/httpclient5/5.4.3/httpclient5-5.4.3-javadoc.jar
2025-08-16 12:19:14,484 [Worker-38: Download sources and javadoc] INFO  o.e.m.c.i.e.AbstractTransferListenerAdapter - Downloaded https://repo.maven.apache.org/maven2/org/apache/httpcomponents/client5/httpclient5/5.4.3/httpclient5-5.4.3-javadoc.jar
2025-08-16 12:19:14,486 [Worker-38: Download sources and javadoc] INFO  o.e.m.j.internal.DownloadSourcesJob - Downloaded javadoc for org.apache.httpcomponents.client5:httpclient5:5.4.3
2025-08-16 12:19:14,491 [Worker-38: Download sources and javadoc] INFO  o.e.m.j.internal.DownloadSourcesJob - Downloaded sources for org.apache.httpcomponents.core5:httpcore5:5.3.4
2025-08-16 12:19:14,551 [Worker-38: Download sources and javadoc] INFO  o.e.m.c.i.e.AbstractTransferListenerAdapter - Downloading https://repo.maven.apache.org/maven2/org/apache/httpcomponents/core5/httpcore5/5.3.4/httpcore5-5.3.4-javadoc.jar
2025-08-16 12:19:15,356 [Worker-38: Download sources and javadoc] INFO  o.e.m.c.i.e.AbstractTransferListenerAdapter - Downloaded https://repo.maven.apache.org/maven2/org/apache/httpcomponents/core5/httpcore5/5.3.4/httpcore5-5.3.4-javadoc.jar
2025-08-16 12:19:15,358 [Worker-38: Download sources and javadoc] INFO  o.e.m.j.internal.DownloadSourcesJob - Downloaded javadoc for org.apache.httpcomponents.core5:httpcore5:5.3.4
2025-08-16 12:19:15,364 [Worker-38: Download sources and javadoc] INFO  o.e.m.j.internal.DownloadSourcesJob - Downloaded sources for org.apache.httpcomponents.core5:httpcore5-h2:5.3.4
2025-08-16 12:19:15,482 [Worker-38: Download sources and javadoc] INFO  o.e.m.c.i.e.AbstractTransferListenerAdapter - Downloading https://repo.maven.apache.org/maven2/org/apache/httpcomponents/core5/httpcore5-h2/5.3.4/httpcore5-h2-5.3.4-javadoc.jar
2025-08-16 12:19:15,591 [Worker-38: Download sources and javadoc] INFO  o.e.m.c.i.e.AbstractTransferListenerAdapter - Downloaded https://repo.maven.apache.org/maven2/org/apache/httpcomponents/core5/httpcore5-h2/5.3.4/httpcore5-h2-5.3.4-javadoc.jar
2025-08-16 12:19:15,595 [Worker-38: Download sources and javadoc] INFO  o.e.m.j.internal.DownloadSourcesJob - Downloaded javadoc for org.apache.httpcomponents.core5:httpcore5-h2:5.3.4
2025-08-16 12:19:33,873 [Worker-47: Building] INFO  o.a.m.s.f.DefaultMavenResourcesFiltering - skip non existing resourceDirectory C:\Users\VISHNU VARDHAN\Wipro\Java_Selinium_01\src\main\resources
2025-08-16 12:19:33,876 [Worker-47: Building] INFO  o.a.m.s.f.DefaultMavenResourcesFiltering - skip non existing resourceDirectory C:\Users\VISHNU VARDHAN\Wipro\Java_Selinium_01\src\test\resources
2025-08-16 12:19:45,978 [Worker-38: Building] INFO  o.a.m.s.f.DefaultMavenResourcesFiltering - skip non existing resourceDirectory C:\Users\VISHNU VARDHAN\Wipro\Java_Selinium_01\src\main\resources
2025-08-16 12:19:45,982 [Worker-38: Building] INFO  o.a.m.s.f.DefaultMavenResourcesFiltering - skip non existing resourceDirectory C:\Users\VISHNU VARDHAN\Wipro\Java_Selinium_01\src\test\resources
2025-08-16 12:22:40,443 [Worker-38: Building] INFO  o.a.m.s.f.DefaultMavenResourcesFiltering - skip non existing resourceDirectory C:\Users\VISHNU VARDHAN\Wipro\Java_Selinium_01\src\main\resources
2025-08-16 12:22:40,446 [Worker-38: Building] INFO  o.a.m.s.f.DefaultMavenResourcesFiltering - skip non existing resourceDirectory C:\Users\VISHNU VARDHAN\Wipro\Java_Selinium_01\src\test\resources
2025-08-16 12:23:07,741 [Worker-4: Loading available Gradle versions] INFO  o.e.b.c.i.u.g.PublishedGradleVersions - Gradle version information cache is up-to-date. Trying to read.
2025-08-16 12:23:52,833 [Worker-9: Building] INFO  o.a.m.s.f.DefaultMavenResourcesFiltering - skip non existing resourceDirectory C:\Users\VISHNU VARDHAN\Wipro\Java_Selinium_01\src\main\resources
2025-08-16 12:23:52,838 [Worker-9: Building] INFO  o.a.m.s.f.DefaultMavenResourcesFiltering - skip non existing resourceDirectory C:\Users\VISHNU VARDHAN\Wipro\Java_Selinium_01\src\test\resources
2025-08-16 12:25:45,740 [Worker-7: Building] INFO  o.a.m.s.f.DefaultMavenResourcesFiltering - skip non existing resourceDirectory C:\Users\VISHNU VARDHAN\Wipro\Java_Selinium_01\src\main\resources
2025-08-16 12:25:45,743 [Worker-7: Building] INFO  o.a.m.s.f.DefaultMavenResourcesFiltering - skip non existing resourceDirectory C:\Users\VISHNU VARDHAN\Wipro\Java_Selinium_01\src\test\resources
2025-08-16 12:25:49,597 [Worker-12: Building] INFO  o.a.m.s.f.DefaultMavenResourcesFiltering - skip non existing resourceDirectory C:\Users\VISHNU VARDHAN\Wipro\Java_Selinium_01\src\main\resources
2025-08-16 12:25:49,602 [Worker-12: Building] INFO  o.a.m.s.f.DefaultMavenResourcesFiltering - skip non existing resourceDirectory C:\Users\VISHNU VARDHAN\Wipro\Java_Selinium_01\src\test\resources
2025-08-16 12:29:58,470 [Worker-16: Building] INFO  o.a.m.s.f.DefaultMavenResourcesFiltering - skip non existing resourceDirectory C:\Users\VISHNU VARDHAN\Wipro\Java_Selinium_01\src\main\resources
2025-08-16 12:29:58,478 [Worker-16: Building] INFO  o.a.m.s.f.DefaultMavenResourcesFiltering - skip non existing resourceDirectory C:\Users\VISHNU VARDHAN\Wipro\Java_Selinium_01\src\test\resources
2025-08-16 12:30:53,901 [Worker-25: Building] INFO  o.a.m.s.f.DefaultMavenResourcesFiltering - skip non existing resourceDirectory C:\Users\VISHNU VARDHAN\Wipro\Java_Selinium_01\src\main\resources
2025-08-16 12:30:53,904 [Worker-25: Building] INFO  o.a.m.s.f.DefaultMavenResourcesFiltering - skip non existing resourceDirectory C:\Users\VISHNU VARDHAN\Wipro\Java_Selinium_01\src\test\resources
2025-08-16 12:31:27,403 [Worker-25: Building] INFO  o.a.m.s.f.DefaultMavenResourcesFiltering - skip non existing resourceDirectory C:\Users\VISHNU VARDHAN\Wipro\Java_Selinium_01\src\main\resources
2025-08-16 12:31:27,405 [Worker-25: Building] INFO  o.a.m.s.f.DefaultMavenResourcesFiltering - skip non existing resourceDirectory C:\Users\VISHNU VARDHAN\Wipro\Java_Selinium_01\src\test\resources
2025-08-16 12:31:57,409 [Worker-27: Building] INFO  o.a.m.s.f.DefaultMavenResourcesFiltering - skip non existing resourceDirectory C:\Users\VISHNU VARDHAN\Wipro\Java_Selinium_01\src\main\resources
2025-08-16 12:31:57,413 [Worker-27: Building] INFO  o.a.m.s.f.DefaultMavenResourcesFiltering - skip non existing resourceDirectory C:\Users\VISHNU VARDHAN\Wipro\Java_Selinium_01\src\test\resources
2025-08-16 12:32:04,185 [Worker-16: Building] INFO  o.a.m.s.f.DefaultMavenResourcesFiltering - skip non existing resourceDirectory C:\Users\VISHNU VARDHAN\Wipro\Java_Selinium_01\src\main\resources
2025-08-16 12:32:04,187 [Worker-16: Building] INFO  o.a.m.s.f.DefaultMavenResourcesFiltering - skip non existing resourceDirectory C:\Users\VISHNU VARDHAN\Wipro\Java_Selinium_01\src\test\resources
2025-08-16 12:37:13,957 [Worker-28: Building] INFO  o.a.m.s.f.DefaultMavenResourcesFiltering - skip non existing resourceDirectory C:\Users\VISHNU VARDHAN\Wipro\Java_Selinium_01\src\main\resources
2025-08-16 12:37:13,962 [Worker-28: Building] INFO  o.a.m.s.f.DefaultMavenResourcesFiltering - skip non existing resourceDirectory C:\Users\VISHNU VARDHAN\Wipro\Java_Selinium_01\src\test\resources
2025-08-16 12:38:32,907 [Worker-31: Building] INFO  o.a.m.s.f.DefaultMavenResourcesFiltering - skip non existing resourceDirectory C:\Users\VISHNU VARDHAN\Wipro\Java_Selinium_01\src\main\resources
2025-08-16 12:38:32,910 [Worker-31: Building] INFO  o.a.m.s.f.DefaultMavenResourcesFiltering - skip non existing resourceDirectory C:\Users\VISHNU VARDHAN\Wipro\Java_Selinium_01\src\test\resources
2025-08-16 13:51:48,161 [Worker-47: Building] INFO  o.a.m.s.f.DefaultMavenResourcesFiltering - skip non existing resourceDirectory C:\Users\VISHNU VARDHAN\Wipro\Java_Selinium_01\src\main\resources
2025-08-16 13:51:48,167 [Worker-47: Building] INFO  o.a.m.s.f.DefaultMavenResourcesFiltering - skip non existing resourceDirectory C:\Users\VISHNU VARDHAN\Wipro\Java_Selinium_01\src\test\resources
2025-08-16 14:09:01,740 [Worker-50: Building] INFO  o.a.m.s.f.DefaultMavenResourcesFiltering - skip non existing resourceDirectory C:\Users\VISHNU VARDHAN\Wipro\Java_Selinium_01\src\main\resources
2025-08-16 14:09:01,748 [Worker-50: Building] INFO  o.a.m.s.f.DefaultMavenResourcesFiltering - skip non existing resourceDirectory C:\Users\VISHNU VARDHAN\Wipro\Java_Selinium_01\src\test\resources
2025-08-16 14:10:23,700 [Worker-52: Launching LaunchBrowser] INFO  o.a.m.s.f.DefaultMavenResourcesFiltering - skip non existing resourceDirectory C:\Users\VISHNU VARDHAN\Wipro\Java_Selinium_01\src\main\resources
2025-08-16 14:10:23,705 [Worker-52: Launching LaunchBrowser] INFO  o.a.m.s.f.DefaultMavenResourcesFiltering - skip non existing resourceDirectory C:\Users\VISHNU VARDHAN\Wipro\Java_Selinium_01\src\test\resources
2025-08-16 14:10:50,876 [Worker-55: Building] INFO  o.a.m.s.f.DefaultMavenResourcesFiltering - skip non existing resourceDirectory C:\Users\VISHNU VARDHAN\Wipro\Java_Selinium_01\src\main\resources
2025-08-16 14:10:50,881 [Worker-55: Building] INFO  o.a.m.s.f.DefaultMavenResourcesFiltering - skip non existing resourceDirectory C:\Users\VISHNU VARDHAN\Wipro\Java_Selinium_01\src\test\resources
